<?xml version="1.0" encoding="UTF-8"?><testsuites failures="0" name="dependency-check" tests="76"><testsuite failures="0" errors="0" time="0" id="0" name="C:\Users\Usuario\.m2\repository\com\zaxxer\HikariCP\5.1.0\HikariCP-5.1.0.jar" package="HikariCP-5.1.0.jar" skipped="0" tests="1" timestamp="2025-05-21T16:47:04.818016"><testcase classname="dependency-check" name="HikariCP-5.1.0.jar"/></testsuite><testsuite failures="0" errors="0" time="0" id="1" name="C:\Users\Usuario\.m2\repository\org\eclipse\angus\angus-activation\2.0.2\angus-activation-2.0.2.jar" package="angus-activation-2.0.2.jar" skipped="0" tests="1" timestamp="2025-05-21T16:47:04.818016"><testcase classname="dependency-check" name="angus-activation-2.0.2.jar"/></testsuite><testsuite failures="0" errors="0" time="0" id="2" name="C:\Users\Usuario\.m2\repository\org\antlr\antlr4-runtime\4.13.0\antlr4-runtime-4.13.0.jar" package="antlr4-runtime-4.13.0.jar" skipped="0" tests="1" timestamp="2025-05-21T16:47:04.818016"><testcase classname="dependency-check" name="antlr4-runtime-4.13.0.jar"/></testsuite><testsuite failures="0" errors="0" time="0" id="3" name="C:\Users\Usuario\.m2\repository\org\aspectj\aspectjweaver\1.9.24\aspectjweaver-1.9.24.jar" package="aspectjweaver-1.9.24.jar" skipped="0" tests="1" timestamp="2025-05-21T16:47:04.818016"><testcase classname="dependency-check" name="aspectjweaver-1.9.24.jar"/></testsuite><testsuite failures="0" errors="0" time="0" id="4" name="C:\Users\Usuario\.m2\repository\net\bytebuddy\byte-buddy\1.15.11\byte-buddy-1.15.11.jar" package="byte-buddy-1.15.11.jar" skipped="0" tests="1" timestamp="2025-05-21T16:47:04.818016"><testcase classname="dependency-check" name="byte-buddy-1.15.11.jar"/></testsuite><testsuite failures="0" errors="0" time="0" id="5" name="C:\Users\Usuario\.m2\repository\org\checkerframework\checker-qual\3.48.3\checker-qual-3.48.3.jar" package="checker-qual-3.48.3.jar" skipped="0" tests="1" timestamp="2025-05-21T16:47:04.818016"><testcase classname="dependency-check" name="checker-qual-3.48.3.jar"/></testsuite><testsuite failures="0" errors="0" time="0" id="6" name="C:\Users\Usuario\.m2\repository\com\fasterxml\classmate\1.7.0\classmate-1.7.0.jar" package="classmate-1.7.0.jar" skipped="0" tests="1" timestamp="2025-05-21T16:47:04.818016"><testcase classname="dependency-check" name="classmate-1.7.0.jar"/></testsuite><testsuite failures="0" errors="0" time="0" id="7" name="C:\Users\Usuario\.m2\repository\org\apache\commons\commons-lang3\3.17.0\commons-lang3-3.17.0.jar" package="commons-lang3-3.17.0.jar" skipped="0" tests="1" timestamp="2025-05-21T16:47:04.818016"><testcase classname="dependency-check" name="commons-lang3-3.17.0.jar"/></testsuite><testsuite failures="0" errors="0" time="0" id="8" name="C:\Users\Usuario\.m2\repository\org\hibernate\common\hibernate-commons-annotations\7.0.3.Final\hibernate-commons-annotations-7.0.3.Final.jar" package="hibernate-commons-annotations-7.0.3.Final.jar" skipped="0" tests="1" timestamp="2025-05-21T16:47:04.818016"><testcase classname="dependency-check" name="hibernate-commons-annotations-7.0.3.Final.jar"/></testsuite><testsuite failures="0" errors="0" time="0" id="9" name="C:\Users\Usuario\.m2\repository\org\hibernate\orm\hibernate-core\6.6.13.Final\hibernate-core-6.6.13.Final.jar" package="hibernate-core-6.6.13.Final.jar" skipped="0" tests="1" timestamp="2025-05-21T16:47:04.818016"><testcase classname="dependency-check" name="hibernate-core-6.6.13.Final.jar"/></testsuite><testsuite failures="0" errors="0" time="0" id="10" name="C:\Users\Usuario\.m2\repository\org\hibernate\validator\hibernate-validator\8.0.2.Final\hibernate-validator-8.0.2.Final.jar" package="hibernate-validator-8.0.2.Final.jar" skipped="0" tests="1" timestamp="2025-05-21T16:47:04.818016"><testcase classname="dependency-check" name="hibernate-validator-8.0.2.Final.jar"/></testsuite><testsuite failures="0" errors="0" time="0" id="11" name="C:\Users\Usuario\.m2\repository\com\sun\istack\istack-commons-runtime\4.1.2\istack-commons-runtime-4.1.2.jar" package="istack-commons-runtime-4.1.2.jar" skipped="0" tests="1" timestamp="2025-05-21T16:47:04.818016"><testcase classname="dependency-check" name="istack-commons-runtime-4.1.2.jar"/></testsuite><testsuite failures="0" errors="0" time="0" id="12" name="C:\Users\Usuario\.m2\repository\com\fasterxml\jackson\core\jackson-core\2.18.3\jackson-core-2.18.3.jar" package="jackson-core-2.18.3.jar" skipped="0" tests="1" timestamp="2025-05-21T16:47:04.818016"><testcase classname="dependency-check" name="jackson-core-2.18.3.jar"/></testsuite><testsuite failures="0" errors="0" time="0" id="13" name="C:\Users\Usuario\.m2\repository\com\fasterxml\jackson\core\jackson-databind\2.18.3\jackson-databind-2.18.3.jar" package="jackson-databind-2.18.3.jar" skipped="0" tests="1" timestamp="2025-05-21T16:47:04.818016"><testcase classname="dependency-check" name="jackson-databind-2.18.3.jar"/></testsuite><testsuite failures="0" errors="0" time="0" id="14" name="C:\Users\Usuario\.m2\repository\com\fasterxml\jackson\dataformat\jackson-dataformat-yaml\2.18.3\jackson-dataformat-yaml-2.18.3.jar" package="jackson-dataformat-yaml-2.18.3.jar" skipped="0" tests="1" timestamp="2025-05-21T16:47:04.818016"><testcase classname="dependency-check" name="jackson-dataformat-yaml-2.18.3.jar"/></testsuite><testsuite failures="0" errors="0" time="0" id="15" name="C:\Users\Usuario\.m2\repository\jakarta\activation\jakarta.activation-api\2.1.3\jakarta.activation-api-2.1.3.jar" package="jakarta.activation-api-2.1.3.jar" skipped="0" tests="1" timestamp="2025-05-21T16:47:04.818016"><testcase classname="dependency-check" name="jakarta.activation-api-2.1.3.jar"/></testsuite><testsuite failures="0" errors="0" time="0" id="16" name="C:\Users\Usuario\.m2\repository\jakarta\annotation\jakarta.annotation-api\2.1.1\jakarta.annotation-api-2.1.1.jar" package="jakarta.annotation-api-2.1.1.jar" skipped="0" tests="1" timestamp="2025-05-21T16:47:04.818016"><testcase classname="dependency-check" name="jakarta.annotation-api-2.1.1.jar"/></testsuite><testsuite failures="0" errors="0" time="0" id="17" name="C:\Users\Usuario\.m2\repository\jakarta\inject\jakarta.inject-api\2.0.1\jakarta.inject-api-2.0.1.jar" package="jakarta.inject-api-2.0.1.jar" skipped="0" tests="1" timestamp="2025-05-21T16:47:04.818016"><testcase classname="dependency-check" name="jakarta.inject-api-2.0.1.jar"/></testsuite><testsuite failures="0" errors="0" time="0" id="18" name="C:\Users\Usuario\.m2\repository\jakarta\persistence\jakarta.persistence-api\3.1.0\jakarta.persistence-api-3.1.0.jar" package="jakarta.persistence-api-3.1.0.jar" skipped="0" tests="1" timestamp="2025-05-21T16:47:04.818016"><testcase classname="dependency-check" name="jakarta.persistence-api-3.1.0.jar"/></testsuite><testsuite failures="0" errors="0" time="0" id="19" name="C:\Users\Usuario\.m2\repository\jakarta\transaction\jakarta.transaction-api\2.0.1\jakarta.transaction-api-2.0.1.jar" package="jakarta.transaction-api-2.0.1.jar" skipped="0" tests="1" timestamp="2025-05-21T16:47:04.818016"><testcase classname="dependency-check" name="jakarta.transaction-api-2.0.1.jar"/></testsuite><testsuite failures="0" errors="0" time="0" id="20" name="C:\Users\Usuario\.m2\repository\jakarta\validation\jakarta.validation-api\3.0.2\jakarta.validation-api-3.0.2.jar" package="jakarta.validation-api-3.0.2.jar" skipped="0" tests="1" timestamp="2025-05-21T16:47:04.818016"><testcase classname="dependency-check" name="jakarta.validation-api-3.0.2.jar"/></testsuite><testsuite failures="0" errors="0" time="0" id="21" name="C:\Users\Usuario\.m2\repository\jakarta\xml\bind\jakarta.xml.bind-api\4.0.2\jakarta.xml.bind-api-4.0.2.jar" package="jakarta.xml.bind-api-4.0.2.jar" skipped="0" tests="1" timestamp="2025-05-21T16:47:04.818016"><testcase classname="dependency-check" name="jakarta.xml.bind-api-4.0.2.jar"/></testsuite><testsuite failures="0" errors="0" time="0" id="22" name="C:\Users\Usuario\.m2\repository\io\smallrye\jandex\3.2.0\jandex-3.2.0.jar" package="jandex-3.2.0.jar" skipped="0" tests="1" timestamp="2025-05-21T16:47:04.818016"><testcase classname="dependency-check" name="jandex-3.2.0.jar"/></testsuite><testsuite failures="0" errors="0" time="0" id="23" name="C:\Users\Usuario\.m2\repository\org\glassfish\jaxb\jaxb-core\4.0.5\jaxb-core-4.0.5.jar" package="jaxb-core-4.0.5.jar" skipped="0" tests="1" timestamp="2025-05-21T16:47:04.818016"><testcase classname="dependency-check" name="jaxb-core-4.0.5.jar"/></testsuite><testsuite failures="0" errors="0" time="0" id="24" name="C:\Users\Usuario\.m2\repository\org\glassfish\jaxb\jaxb-runtime\4.0.5\jaxb-runtime-4.0.5.jar" package="jaxb-runtime-4.0.5.jar" skipped="0" tests="1" timestamp="2025-05-21T16:47:04.818016"><testcase classname="dependency-check" name="jaxb-runtime-4.0.5.jar"/></testsuite><testsuite failures="0" errors="0" time="0" id="25" name="C:\Users\Usuario\.m2\repository\org\jboss\logging\jboss-logging\3.6.1.Final\jboss-logging-3.6.1.Final.jar" package="jboss-logging-3.6.1.Final.jar" skipped="0" tests="1" timestamp="2025-05-21T16:47:04.818016"><testcase classname="dependency-check" name="jboss-logging-3.6.1.Final.jar"/></testsuite><testsuite failures="0" errors="0" time="0" id="26" name="C:\Users\Usuario\.m2\repository\io\jsonwebtoken\jjwt-api\0.12.6\jjwt-api-0.12.6.jar" package="jjwt-api-0.12.6.jar" skipped="0" tests="1" timestamp="2025-05-21T16:47:04.818016"><testcase classname="dependency-check" name="jjwt-api-0.12.6.jar"/></testsuite><testsuite failures="0" errors="0" time="0" id="27" name="C:\Users\Usuario\.m2\repository\io\jsonwebtoken\jjwt-impl\0.12.6\jjwt-impl-0.12.6.jar" package="jjwt-impl-0.12.6.jar" skipped="0" tests="1" timestamp="2025-05-21T16:47:04.818016"><testcase classname="dependency-check" name="jjwt-impl-0.12.6.jar"/></testsuite><testsuite failures="0" errors="0" time="0" id="28" name="C:\Users\Usuario\.m2\repository\io\jsonwebtoken\jjwt-jackson\0.12.6\jjwt-jackson-0.12.6.jar" package="jjwt-jackson-0.12.6.jar" skipped="0" tests="1" timestamp="2025-05-21T16:47:04.818016"><testcase classname="dependency-check" name="jjwt-jackson-0.12.6.jar"/></testsuite><testsuite failures="0" errors="0" time="0" id="29" name="C:\Users\Usuario\.m2\repository\org\jspecify\jspecify\1.0.0\jspecify-1.0.0.jar" package="jspecify-1.0.0.jar" skipped="0" tests="1" timestamp="2025-05-21T16:47:04.818016"><testcase classname="dependency-check" name="jspecify-1.0.0.jar"/></testsuite><testsuite failures="0" errors="0" time="0" id="30" name="C:\Users\Usuario\.m2\repository\org\slf4j\jul-to-slf4j\2.0.17\jul-to-slf4j-2.0.17.jar" package="jul-to-slf4j-2.0.17.jar" skipped="0" tests="1" timestamp="2025-05-21T16:47:04.818016"><testcase classname="dependency-check" name="jul-to-slf4j-2.0.17.jar"/></testsuite><testsuite failures="0" errors="0" time="0" id="31" name="C:\Users\Usuario\.m2\repository\io\lettuce\lettuce-core\6.4.2.RELEASE\lettuce-core-6.4.2.RELEASE.jar" package="lettuce-core-6.4.2.RELEASE.jar" skipped="0" tests="1" timestamp="2025-05-21T16:47:04.818016"><testcase classname="dependency-check" name="lettuce-core-6.4.2.RELEASE.jar"/></testsuite><testsuite failures="0" errors="0" time="0" id="32" name="C:\Users\Usuario\.m2\repository\org\apache\logging\log4j\log4j-api\2.24.3\log4j-api-2.24.3.jar" package="log4j-api-2.24.3.jar" skipped="0" tests="1" timestamp="2025-05-21T16:47:04.818016"><testcase classname="dependency-check" name="log4j-api-2.24.3.jar"/></testsuite><testsuite failures="0" errors="0" time="0" id="33" name="C:\Users\Usuario\.m2\repository\org\apache\logging\log4j\log4j-to-slf4j\2.24.3\log4j-to-slf4j-2.24.3.jar" package="log4j-to-slf4j-2.24.3.jar" skipped="0" tests="1" timestamp="2025-05-21T16:47:04.818016"><testcase classname="dependency-check" name="log4j-to-slf4j-2.24.3.jar"/></testsuite><testsuite failures="0" errors="0" time="0" id="34" name="C:\Users\Usuario\.m2\repository\ch\qos\logback\logback-core\1.5.18\logback-core-1.5.18.jar" package="logback-core-1.5.18.jar" skipped="0" tests="1" timestamp="2025-05-21T16:47:04.818016"><testcase classname="dependency-check" name="logback-core-1.5.18.jar"/></testsuite><testsuite failures="0" errors="0" time="0" id="35" name="C:\Users\Usuario\.m2\repository\org\projectlombok\lombok\1.18.38\lombok-1.18.38.jar\lombok\launch\mavenEcjBootstrapAgent.jar" package="lombok-1.18.38.jar: mavenEcjBootstrapAgent.jar" skipped="0" tests="1" timestamp="2025-05-21T16:47:04.818016"><testcase classname="dependency-check" name="lombok-1.18.38.jar: mavenEcjBootstrapAgent.jar"/></testsuite><testsuite failures="0" errors="0" time="0" id="36" name="C:\Users\Usuario\.m2\repository\org\projectlombok\lombok\1.18.38\lombok-1.18.38.jar" package="lombok-1.18.38.jar" skipped="0" tests="1" timestamp="2025-05-21T16:47:04.818016"><testcase classname="dependency-check" name="lombok-1.18.38.jar"/></testsuite><testsuite failures="0" errors="0" time="0" id="37" name="C:\Users\Usuario\.m2\repository\io\micrometer\micrometer-commons\1.14.6\micrometer-commons-1.14.6.jar" package="micrometer-commons-1.14.6.jar" skipped="0" tests="1" timestamp="2025-05-21T16:47:04.818016"><testcase classname="dependency-check" name="micrometer-commons-1.14.6.jar"/></testsuite><testsuite failures="0" errors="0" time="0" id="38" name="C:\Users\Usuario\.m2\repository\io\micrometer\micrometer-observation\1.14.6\micrometer-observation-1.14.6.jar" package="micrometer-observation-1.14.6.jar" skipped="0" tests="1" timestamp="2025-05-21T16:47:04.818016"><testcase classname="dependency-check" name="micrometer-observation-1.14.6.jar"/></testsuite><testsuite failures="0" errors="0" time="0" id="39" name="C:\Users\Usuario\.m2\repository\io\netty\netty-common\4.1.119.Final\netty-common-4.1.119.Final.jar\META-INF/maven/org.jctools/jctools-core/pom.xml" package="netty-common-4.1.119.Final.jar (shaded: org.jctools:jctools-core:4.0.5)" skipped="0" tests="1" timestamp="2025-05-21T16:47:04.818016"><testcase classname="dependency-check" name="netty-common-4.1.119.Final.jar (shaded: org.jctools:jctools-core:4.0.5)"/></testsuite><testsuite failures="0" errors="0" time="0" id="40" name="C:\Users\Usuario\.m2\repository\io\netty\netty-transport\4.1.119.Final\netty-transport-4.1.119.Final.jar" package="netty-transport-4.1.119.Final.jar" skipped="0" tests="1" timestamp="2025-05-21T16:47:04.818016"><testcase classname="dependency-check" name="netty-transport-4.1.119.Final.jar"/></testsuite><testsuite failures="0" errors="0" time="0" id="41" name="C:\Users\Usuario\.m2\repository\org\postgresql\postgresql\42.7.5\postgresql-42.7.5.jar" package="postgresql-42.7.5.jar" skipped="0" tests="1" timestamp="2025-05-21T16:47:04.818016"><testcase classname="dependency-check" name="postgresql-42.7.5.jar"/></testsuite><testsuite failures="0" errors="0" time="0" id="42" name="C:\Users\Usuario\.m2\repository\org\reactivestreams\reactive-streams\1.0.4\reactive-streams-1.0.4.jar" package="reactive-streams-1.0.4.jar" skipped="0" tests="1" timestamp="2025-05-21T16:47:04.818016"><testcase classname="dependency-check" name="reactive-streams-1.0.4.jar"/></testsuite><testsuite failures="0" errors="0" time="0" id="43" name="C:\Users\Usuario\.m2\repository\io\projectreactor\reactor-core\3.7.5\reactor-core-3.7.5.jar" package="reactor-core-3.7.5.jar" skipped="0" tests="1" timestamp="2025-05-21T16:47:04.818016"><testcase classname="dependency-check" name="reactor-core-3.7.5.jar"/></testsuite><testsuite failures="0" errors="0" time="0" id="44" name="C:\Users\Usuario\.m2\repository\org\slf4j\slf4j-api\2.0.17\slf4j-api-2.0.17.jar" package="slf4j-api-2.0.17.jar" skipped="0" tests="1" timestamp="2025-05-21T16:47:04.818016"><testcase classname="dependency-check" name="slf4j-api-2.0.17.jar"/></testsuite><testsuite failures="0" errors="0" time="0" id="45" name="C:\Users\Usuario\.m2\repository\org\yaml\snakeyaml\2.3\snakeyaml-2.3.jar" package="snakeyaml-2.3.jar" skipped="0" tests="1" timestamp="2025-05-21T16:47:04.818016"><testcase classname="dependency-check" name="snakeyaml-2.3.jar"/></testsuite><testsuite failures="0" errors="0" time="0" id="46" name="C:\Users\Usuario\.m2\repository\org\springframework\boot\spring-boot\3.4.5\spring-boot-3.4.5.jar" package="spring-boot-3.4.5.jar" skipped="0" tests="1" timestamp="2025-05-21T16:47:04.818016"><testcase classname="dependency-check" name="spring-boot-3.4.5.jar"/></testsuite><testsuite failures="0" errors="0" time="0" id="47" name="C:\Users\Usuario\.m2\repository\org\springframework\boot\spring-boot-devtools\3.4.5\spring-boot-devtools-3.4.5.jar\org\springframework\boot\devtools\livereload\livereload.js" package="spring-boot-devtools-3.4.5.jar: livereload.js" skipped="0" tests="1" timestamp="2025-05-21T16:47:04.818016"><testcase classname="dependency-check" name="spring-boot-devtools-3.4.5.jar: livereload.js"/></testsuite><testsuite failures="0" errors="0" time="0" id="48" name="C:\Users\Usuario\.m2\repository\org\springframework\boot\spring-boot-devtools\3.4.5\spring-boot-devtools-3.4.5.jar" package="spring-boot-devtools-3.4.5.jar" skipped="0" tests="1" timestamp="2025-05-21T16:47:04.818016"><testcase classname="dependency-check" name="spring-boot-devtools-3.4.5.jar"/></testsuite><testsuite failures="0" errors="0" time="0" id="49" name="C:\Users\Usuario\.m2\repository\org\springframework\boot\spring-boot-starter-web\3.4.5\spring-boot-starter-web-3.4.5.jar" package="spring-boot-starter-web-3.4.5.jar" skipped="0" tests="1" timestamp="2025-05-21T16:47:04.818016"><testcase classname="dependency-check" name="spring-boot-starter-web-3.4.5.jar"/></testsuite><testsuite failures="0" errors="0" time="0" id="50" name="C:\Users\Usuario\.m2\repository\org\springframework\spring-context\6.2.7\spring-context-6.2.7.jar" package="spring-context-6.2.7.jar" skipped="0" tests="1" timestamp="2025-05-21T16:47:04.818016"><testcase classname="dependency-check" name="spring-context-6.2.7.jar"/></testsuite><testsuite failures="0" errors="0" time="0" id="51" name="C:\Users\Usuario\.m2\repository\org\springframework\spring-core\6.2.6\spring-core-6.2.6.jar" package="spring-core-6.2.6.jar" skipped="0" tests="1" timestamp="2025-05-21T16:47:04.818016"><testcase classname="dependency-check" name="spring-core-6.2.6.jar"/></testsuite><testsuite failures="0" errors="0" time="0" id="52" name="C:\Users\Usuario\.m2\repository\org\springframework\data\spring-data-commons\3.4.5\spring-data-commons-3.4.5.jar" package="spring-data-commons-3.4.5.jar" skipped="0" tests="1" timestamp="2025-05-21T16:47:04.818016"><testcase classname="dependency-check" name="spring-data-commons-3.4.5.jar"/></testsuite><testsuite failures="0" errors="0" time="0" id="53" name="C:\Users\Usuario\.m2\repository\org\springframework\data\spring-data-jpa\3.4.5\spring-data-jpa-3.4.5.jar" package="spring-data-jpa-3.4.5.jar" skipped="0" tests="1" timestamp="2025-05-21T16:47:04.818016"><testcase classname="dependency-check" name="spring-data-jpa-3.4.5.jar"/></testsuite><testsuite failures="0" errors="0" time="0" id="54" name="C:\Users\Usuario\.m2\repository\org\springframework\data\spring-data-keyvalue\3.4.5\spring-data-keyvalue-3.4.5.jar" package="spring-data-keyvalue-3.4.5.jar" skipped="0" tests="1" timestamp="2025-05-21T16:47:04.818016"><testcase classname="dependency-check" name="spring-data-keyvalue-3.4.5.jar"/></testsuite><testsuite failures="0" errors="0" time="0" id="55" name="C:\Users\Usuario\.m2\repository\org\springframework\data\spring-data-redis\3.4.4\spring-data-redis-3.4.4.jar" package="spring-data-redis-3.4.4.jar" skipped="0" tests="1" timestamp="2025-05-21T16:47:04.818016"><testcase classname="dependency-check" name="spring-data-redis-3.4.4.jar"/></testsuite><testsuite failures="0" errors="0" time="0" id="56" name="C:\Users\Usuario\.m2\repository\org\springframework\security\spring-security-config\6.4.5\spring-security-config-6.4.5.jar" package="spring-security-config-6.4.5.jar" skipped="0" tests="1" timestamp="2025-05-21T16:47:04.818016"><testcase classname="dependency-check" name="spring-security-config-6.4.5.jar"/></testsuite><testsuite failures="0" errors="0" time="0" id="57" name="C:\Users\Usuario\.m2\repository\org\springframework\security\spring-security-core\6.4.6\spring-security-core-6.4.6.jar" package="spring-security-core-6.4.6.jar" skipped="0" tests="1" timestamp="2025-05-21T16:47:04.818016"><testcase classname="dependency-check" name="spring-security-core-6.4.6.jar"/></testsuite><testsuite failures="0" errors="0" time="0" id="58" name="C:\Users\Usuario\.m2\repository\org\springframework\security\spring-security-web\6.4.5\spring-security-web-6.4.5.jar\org\springframework\security\spring-security-webauthn.js" package="spring-security-web-6.4.5.jar: spring-security-webauthn.js" skipped="0" tests="1" timestamp="2025-05-21T16:47:04.818016"><testcase classname="dependency-check" name="spring-security-web-6.4.5.jar: spring-security-webauthn.js"/></testsuite><testsuite failures="0" errors="0" time="0" id="59" name="C:\Users\Usuario\.m2\repository\org\springframework\security\spring-security-web\6.4.5\spring-security-web-6.4.5.jar" package="spring-security-web-6.4.5.jar" skipped="0" tests="1" timestamp="2025-05-21T16:47:04.818016"><testcase classname="dependency-check" name="spring-security-web-6.4.5.jar"/></testsuite><testsuite failures="0" errors="0" time="0" id="60" name="C:\Users\Usuario\.m2\repository\org\springframework\spring-web\6.2.6\spring-web-6.2.6.jar" package="spring-web-6.2.6.jar" skipped="0" tests="1" timestamp="2025-05-21T16:47:04.818016"><testcase classname="dependency-check" name="spring-web-6.2.6.jar"/></testsuite><testsuite failures="0" errors="0" time="0" id="61" name="C:\Users\Usuario\.m2\repository\org\springdoc\springdoc-openapi-starter-common\2.8.6\springdoc-openapi-starter-common-2.8.6.jar" package="springdoc-openapi-starter-common-2.8.6.jar" skipped="0" tests="1" timestamp="2025-05-21T16:47:04.818016"><testcase classname="dependency-check" name="springdoc-openapi-starter-common-2.8.6.jar"/></testsuite><testsuite failures="0" errors="0" time="0" id="62" name="C:\Users\Usuario\.m2\repository\org\springdoc\springdoc-openapi-starter-webmvc-api\2.8.6\springdoc-openapi-starter-webmvc-api-2.8.6.jar" package="springdoc-openapi-starter-webmvc-api-2.8.6.jar" skipped="0" tests="1" timestamp="2025-05-21T16:47:04.818016"><testcase classname="dependency-check" name="springdoc-openapi-starter-webmvc-api-2.8.6.jar"/></testsuite><testsuite failures="0" errors="0" time="0" id="63" name="C:\Users\Usuario\.m2\repository\org\springdoc\springdoc-openapi-starter-webmvc-ui\2.8.6\springdoc-openapi-starter-webmvc-ui-2.8.6.jar" package="springdoc-openapi-starter-webmvc-ui-2.8.6.jar" skipped="0" tests="1" timestamp="2025-05-21T16:47:04.818016"><testcase classname="dependency-check" name="springdoc-openapi-starter-webmvc-ui-2.8.6.jar"/></testsuite><testsuite failures="0" errors="0" time="0" id="64" name="C:\Users\Usuario\.m2\repository\io\swagger\core\v3\swagger-core-jakarta\2.2.29\swagger-core-jakarta-2.2.29.jar" package="swagger-core-jakarta-2.2.29.jar" skipped="0" tests="1" timestamp="2025-05-21T16:47:04.818016"><testcase classname="dependency-check" name="swagger-core-jakarta-2.2.29.jar"/></testsuite><testsuite failures="0" errors="0" time="0" id="65" name="C:\Users\Usuario\.m2\repository\org\webjars\swagger-ui\5.20.1\swagger-ui-5.20.1.jar\META-INF\resources\webjars\swagger-ui\5.20.1\swagger-initializer.js" package="swagger-ui-5.20.1.jar: swagger-initializer.js" skipped="0" tests="1" timestamp="2025-05-21T16:47:04.818016"><testcase classname="dependency-check" name="swagger-ui-5.20.1.jar: swagger-initializer.js"/></testsuite><testsuite failures="0" errors="0" time="0" id="66" name="C:\Users\Usuario\.m2\repository\org\webjars\swagger-ui\5.20.1\swagger-ui-5.20.1.jar\META-INF\resources\webjars\swagger-ui\5.20.1\swagger-ui-bundle.js" package="swagger-ui-5.20.1.jar: swagger-ui-bundle.js" skipped="0" tests="1" timestamp="2025-05-21T16:47:04.818016"><testcase classname="dependency-check" name="swagger-ui-5.20.1.jar: swagger-ui-bundle.js"/></testsuite><testsuite failures="0" errors="0" time="0" id="67" name="C:\Users\Usuario\.m2\repository\org\webjars\swagger-ui\5.20.1\swagger-ui-5.20.1.jar\META-INF\resources\webjars\swagger-ui\5.20.1\swagger-ui-es-bundle-core.js" package="swagger-ui-5.20.1.jar: swagger-ui-es-bundle-core.js" skipped="0" tests="1" timestamp="2025-05-21T16:47:04.818016"><testcase classname="dependency-check" name="swagger-ui-5.20.1.jar: swagger-ui-es-bundle-core.js"/></testsuite><testsuite failures="0" errors="0" time="0" id="68" name="C:\Users\Usuario\.m2\repository\org\webjars\swagger-ui\5.20.1\swagger-ui-5.20.1.jar\META-INF\resources\webjars\swagger-ui\5.20.1\swagger-ui-es-bundle.js" package="swagger-ui-5.20.1.jar: swagger-ui-es-bundle.js" skipped="0" tests="1" timestamp="2025-05-21T16:47:04.818016"><testcase classname="dependency-check" name="swagger-ui-5.20.1.jar: swagger-ui-es-bundle.js"/></testsuite><testsuite failures="0" errors="0" time="0" id="69" name="C:\Users\Usuario\.m2\repository\org\webjars\swagger-ui\5.20.1\swagger-ui-5.20.1.jar\META-INF\resources\webjars\swagger-ui\5.20.1\swagger-ui-standalone-preset.js" package="swagger-ui-5.20.1.jar: swagger-ui-standalone-preset.js" skipped="0" tests="1" timestamp="2025-05-21T16:47:04.818016"><testcase classname="dependency-check" name="swagger-ui-5.20.1.jar: swagger-ui-standalone-preset.js"/></testsuite><testsuite failures="0" errors="0" time="0" id="70" name="C:\Users\Usuario\.m2\repository\org\webjars\swagger-ui\5.20.1\swagger-ui-5.20.1.jar\META-INF\resources\webjars\swagger-ui\5.20.1\swagger-ui.js" package="swagger-ui-5.20.1.jar: swagger-ui.js" skipped="0" tests="1" timestamp="2025-05-21T16:47:04.818016"><testcase classname="dependency-check" name="swagger-ui-5.20.1.jar: swagger-ui.js"/></testsuite><testsuite failures="0" errors="0" time="0" id="71" name="C:\Users\Usuario\.m2\repository\org\webjars\swagger-ui\5.20.1\swagger-ui-5.20.1.jar" package="swagger-ui-5.20.1.jar" skipped="0" tests="1" timestamp="2025-05-21T16:47:04.818016"><testcase classname="dependency-check" name="swagger-ui-5.20.1.jar"/></testsuite><testsuite failures="0" errors="0" time="0" id="72" name="C:\Users\Usuario\.m2\repository\org\apache\tomcat\embed\tomcat-embed-core\10.1.40\tomcat-embed-core-10.1.40.jar" package="tomcat-embed-core-10.1.40.jar" skipped="0" tests="1" timestamp="2025-05-21T16:47:04.818016"><testcase classname="dependency-check" name="tomcat-embed-core-10.1.40.jar"/></testsuite><testsuite failures="0" errors="0" time="0" id="73" name="C:\Users\Usuario\.m2\repository\org\apache\tomcat\embed\tomcat-embed-el\10.1.40\tomcat-embed-el-10.1.40.jar" package="tomcat-embed-el-10.1.40.jar" skipped="0" tests="1" timestamp="2025-05-21T16:47:04.818016"><testcase classname="dependency-check" name="tomcat-embed-el-10.1.40.jar"/></testsuite><testsuite failures="0" errors="0" time="0" id="74" name="C:\Users\Usuario\.m2\repository\org\glassfish\jaxb\txw2\4.0.5\txw2-4.0.5.jar" package="txw2-4.0.5.jar" skipped="0" tests="1" timestamp="2025-05-21T16:47:04.818016"><testcase classname="dependency-check" name="txw2-4.0.5.jar"/></testsuite><testsuite failures="0" errors="0" time="0" id="75" name="C:\Users\Usuario\.m2\repository\org\webjars\webjars-locator-lite\1.0.1\webjars-locator-lite-1.0.1.jar" package="webjars-locator-lite-1.0.1.jar" skipped="0" tests="1" timestamp="2025-05-21T16:47:04.818016"><testcase classname="dependency-check" name="webjars-locator-lite-1.0.1.jar"/></testsuite></testsuites>