<?xml version="1.0" encoding="UTF-8"?>
<testsuite xmlns:xsi="http://www.w3.org/2001/XMLSchema-instance" xsi:noNamespaceSchemaLocation="https://maven.apache.org/surefire/maven-surefire-plugin/xsd/surefire-test-report-3.0.xsd" version="3.0" name="com.smart_padel.spvending_management_api.user_manager.infrastructure.rest.controller.PutUserManagerControllerTest" time="0.651" tests="8" errors="0" skipped="0" failures="0">
  <properties>
[...]
</properties>
  <testcase name="shouldReturnNotFoundWhenTenantEntityIdDoesNotExist" classname="com.smart_padel.spvending_management_api.user_manager.infrastructure.rest.controller.PutUserManagerControllerTest" time="0.04">
    <system-out><![CDATA[2025-06-04T11:56:25.632+02:00  INFO 36672 --- [Tenants_Managment] [           main] t.c.s.AnnotationConfigContextLoaderUtils : Could not detect default configuration classes for test class [com.smart_padel.spvending_management_api.user_manager.infrastructure.rest.controller.PutUserManagerControllerTest]: PutUserManagerControllerTest does not declare any static, non-private, non-final, nested classes annotated with @Configuration.
2025-06-04T11:56:25.636+02:00  INFO 36672 --- [Tenants_Managment] [           main] .b.t.c.SpringBootTestContextBootstrapper : Found @SpringBootConfiguration com.smart_padel.spvending_management_api.SPVendingManagementApplication for test class com.smart_padel.spvending_management_api.user_manager.infrastructure.rest.controller.PutUserManagerControllerTest
2025-06-04T11:56:25.638+02:00  INFO 36672 --- [Tenants_Managment] [           main] o.s.b.d.r.RestartApplicationListener     : Restart disabled due to context in which it is running

  .   ____          _            __ _ _
 /\\ / ___'_ __ _ _(_)_ __  __ _ \ \ \ \
( ( )\___ | '_ | '_| | '_ \/ _` | \ \ \ \
 \\/  ___)| |_)| | | | | || (_| |  ) ) ) )
  '  |____| .__|_| |_|_| |_\__, | / / / /
 =========|_|==============|___/=/_/_/_/

 :: Spring Boot ::                (v3.4.5)

2025-06-04T11:56:25.651+02:00  INFO 36672 --- [Tenants_Managment] [           main] s.s.u.i.r.c.PutUserManagerControllerTest : Starting PutUserManagerControllerTest using Java 22.0.1 with PID 36672 (started by Usuario in D:\TRABAJO\Practicar\spvending-manager)
2025-06-04T11:56:25.651+02:00  INFO 36672 --- [Tenants_Managment] [           main] s.s.u.i.r.c.PutUserManagerControllerTest : No active profile set, falling back to 1 default profile: "default"
2025-06-04T11:56:25.652+02:00 DEBUG 36672 --- [Tenants_Managment] [           main] o.s.w.c.s.GenericWebApplicationContext   : Refreshing org.springframework.web.context.support.GenericWebApplicationContext@6eb1026e
2025-06-04T11:56:25.830+02:00  WARN 36672 --- [Tenants_Managment] [           main] .s.s.UserDetailsServiceAutoConfiguration : 

Using generated security password: 47f18968-c3bb-4593-b504-204e5b39c205

This generated password is for development use only. Your security configuration must be updated before running your application in production.

2025-06-04T11:56:25.848+02:00 DEBUG 36672 --- [Tenants_Managment] [           main] s.w.s.m.m.a.RequestMappingHandlerMapping : 3 mappings in 'requestMappingHandlerMapping'
2025-06-04T11:56:25.905+02:00 DEBUG 36672 --- [Tenants_Managment] [           main] o.s.w.s.handler.SimpleUrlHandlerMapping  : Patterns [/webjars/**, /**] in 'resourceHandlerMapping'
2025-06-04T11:56:25.907+02:00 DEBUG 36672 --- [Tenants_Managment] [           main] s.w.s.m.m.a.RequestMappingHandlerAdapter : ControllerAdvice beans: 0 @ModelAttribute, 0 @InitBinder, 1 RequestBodyAdvice, 1 ResponseBodyAdvice
2025-06-04T11:56:25.908+02:00 DEBUG 36672 --- [Tenants_Managment] [           main] .m.m.a.ExceptionHandlerExceptionResolver : ControllerAdvice beans: 1 @ExceptionHandler, 1 ResponseBodyAdvice
2025-06-04T11:56:25.912+02:00  INFO 36672 --- [Tenants_Managment] [           main] r$InitializeUserDetailsManagerConfigurer : Global AuthenticationManager configured with UserDetailsService bean with name inMemoryUserDetailsManager
2025-06-04T11:56:25.917+02:00 DEBUG 36672 --- [Tenants_Managment] [           main] o.s.s.web.DefaultSecurityFilterChain     : Will secure any request with filters: DisableEncodeUrlFilter, WebAsyncManagerIntegrationFilter, SecurityContextHolderFilter, HeaderWriterFilter, CsrfFilter, LogoutFilter, UsernamePasswordAuthenticationFilter, DefaultResourcesFilter, DefaultLoginPageGeneratingFilter, DefaultLogoutPageGeneratingFilter, BasicAuthenticationFilter, RequestCacheAwareFilter, SecurityContextHolderAwareRequestFilter, AnonymousAuthenticationFilter, ExceptionTranslationFilter, AuthorizationFilter
2025-06-04T11:56:25.920+02:00  INFO 36672 --- [Tenants_Managment] [           main] o.s.b.t.m.w.SpringBootMockServletContext : Initializing Spring TestDispatcherServlet ''
2025-06-04T11:56:25.920+02:00  INFO 36672 --- [Tenants_Managment] [           main] o.s.t.web.servlet.TestDispatcherServlet  : Initializing Servlet ''
2025-06-04T11:56:25.920+02:00  INFO 36672 --- [Tenants_Managment] [           main] o.s.t.web.servlet.TestDispatcherServlet  : Completed initialization in 0 ms
2025-06-04T11:56:25.922+02:00  INFO 36672 --- [Tenants_Managment] [           main] s.s.u.i.r.c.PutUserManagerControllerTest : Started PutUserManagerControllerTest in 0.284 seconds (process running for 18.168)
2025-06-04T11:56:25.927+02:00 DEBUG 36672 --- [Tenants_Managment] [           main] s.w.s.m.m.a.RequestMappingHandlerMapping : Mapped to com.smart_padel.spvending_management_api.user_manager.infrastructure.rest.controller.PutUserManagerController#updateUserManager(UUID, UserManagerDtoIn)
2025-06-04T11:56:25.929+02:00 DEBUG 36672 --- [Tenants_Managment] [           main] m.m.a.RequestResponseBodyMethodProcessor : Read "application/json" to [UserManagerDtoIn(username=userName, password=Abc1234., micronId=abc123., micronUser=asdsa, micronPas (truncated)...]
2025-06-04T11:56:25.961+02:00 DEBUG 36672 --- [Tenants_Managment] [           main] .m.m.a.ExceptionHandlerExceptionResolver : Using @ExceptionHandler com.smart_padel.spvending_management_api.shared.GlobalExceptionHandler#resourceNotFoundException(ResourceNotFoundException)
2025-06-04T11:56:25.962+02:00 DEBUG 36672 --- [Tenants_Managment] [           main] o.s.w.s.m.m.a.HttpEntityMethodProcessor  : Using 'application/json', given [*/*] and supported [application/json, application/*+json, application/yaml]
2025-06-04T11:56:25.962+02:00 DEBUG 36672 --- [Tenants_Managment] [           main] o.s.w.s.m.m.a.HttpEntityMethodProcessor  : Writing [{Error=Tenant not found}]
2025-06-04T11:56:25.962+02:00 DEBUG 36672 --- [Tenants_Managment] [           main] .m.m.a.ExceptionHandlerExceptionResolver : Resolved [com.smart_padel.spvending_management_api.shared.exceptions.ResourceNotFoundException: Tenant not found]
]]></system-out>
  </testcase>
  <testcase name="shouldReturnConflictWhenUsernameAlreadyExists" classname="com.smart_padel.spvending_management_api.user_manager.infrastructure.rest.controller.PutUserManagerControllerTest" time="0.03">
    <system-out><![CDATA[2025-06-04T11:56:25.967+02:00 DEBUG 36672 --- [Tenants_Managment] [           main] s.w.s.m.m.a.RequestMappingHandlerMapping : Mapped to com.smart_padel.spvending_management_api.user_manager.infrastructure.rest.controller.PutUserManagerController#updateUserManager(UUID, UserManagerDtoIn)
2025-06-04T11:56:25.967+02:00 DEBUG 36672 --- [Tenants_Managment] [           main] m.m.a.RequestResponseBodyMethodProcessor : Read "application/json" to [UserManagerDtoIn(username=existingUser, password=Abc1234., micronId=abc123., micronUser=asdsa, micro (truncated)...]
2025-06-04T11:56:25.992+02:00 DEBUG 36672 --- [Tenants_Managment] [           main] .m.m.a.ExceptionHandlerExceptionResolver : Using @ExceptionHandler com.smart_padel.spvending_management_api.shared.GlobalExceptionHandler#handleResourceAlreadyExistsException(ResourceAlreadyExistsException)
2025-06-04T11:56:25.993+02:00 DEBUG 36672 --- [Tenants_Managment] [           main] o.s.w.s.m.m.a.HttpEntityMethodProcessor  : Using 'application/json', given [*/*] and supported [application/json, application/*+json, application/yaml]
2025-06-04T11:56:25.993+02:00 DEBUG 36672 --- [Tenants_Managment] [           main] o.s.w.s.m.m.a.HttpEntityMethodProcessor  : Writing [{Error=Username already exists}]
2025-06-04T11:56:25.993+02:00 DEBUG 36672 --- [Tenants_Managment] [           main] .m.m.a.ExceptionHandlerExceptionResolver : Resolved [com.smart_padel.spvending_management_api.shared.exceptions.ResourceAlreadyExistsException: Username already exists]
]]></system-out>
  </testcase>
  <testcase name="shouldReturnBadRequestWhenUserTypeIs1ButClubEntityIdIsProvided" classname="com.smart_padel.spvending_management_api.user_manager.infrastructure.rest.controller.PutUserManagerControllerTest" time="0.032">
    <system-out><![CDATA[2025-06-04T11:56:25.998+02:00 DEBUG 36672 --- [Tenants_Managment] [           main] s.w.s.m.m.a.RequestMappingHandlerMapping : Mapped to com.smart_padel.spvending_management_api.user_manager.infrastructure.rest.controller.PutUserManagerController#updateUserManager(UUID, UserManagerDtoIn)
2025-06-04T11:56:25.999+02:00 DEBUG 36672 --- [Tenants_Managment] [           main] m.m.a.RequestResponseBodyMethodProcessor : Read "application/json" to [UserManagerDtoIn(username=userName, password=Abc1234., micronId=abc123., micronUser=asdsa, micronPas (truncated)...]
2025-06-04T11:56:26.025+02:00 DEBUG 36672 --- [Tenants_Managment] [           main] .m.m.a.ExceptionHandlerExceptionResolver : Using @ExceptionHandler com.smart_padel.spvending_management_api.shared.GlobalExceptionHandler#handleParamRequiredException(ParamRequiredException)
2025-06-04T11:56:26.025+02:00 DEBUG 36672 --- [Tenants_Managment] [           main] o.s.w.s.m.m.a.HttpEntityMethodProcessor  : Using 'application/json', given [*/*] and supported [application/json, application/*+json, application/yaml]
2025-06-04T11:56:26.025+02:00 DEBUG 36672 --- [Tenants_Managment] [           main] o.s.w.s.m.m.a.HttpEntityMethodProcessor  : Writing [{Error=The user is type 1, the club id is required.}]
2025-06-04T11:56:26.025+02:00 DEBUG 36672 --- [Tenants_Managment] [           main] .m.m.a.ExceptionHandlerExceptionResolver : Resolved [com.smart_padel.spvending_management_api.shared.exceptions.ParamRequiredException: The user is type 1, the club id is required.]
]]></system-out>
  </testcase>
  <testcase name="shouldReturnBadRequestWhenUserTypeIs2ButTenantEntityIdIsProvided" classname="com.smart_padel.spvending_management_api.user_manager.infrastructure.rest.controller.PutUserManagerControllerTest" time="0.031">
    <system-out><![CDATA[2025-06-04T11:56:26.029+02:00 DEBUG 36672 --- [Tenants_Managment] [           main] s.w.s.m.m.a.RequestMappingHandlerMapping : Mapped to com.smart_padel.spvending_management_api.user_manager.infrastructure.rest.controller.PutUserManagerController#updateUserManager(UUID, UserManagerDtoIn)
2025-06-04T11:56:26.030+02:00 DEBUG 36672 --- [Tenants_Managment] [           main] m.m.a.RequestResponseBodyMethodProcessor : Read "application/json" to [UserManagerDtoIn(username=userName, password=Abc1234., micronId=abc123., micronUser=asdsa, micronPas (truncated)...]
2025-06-04T11:56:26.056+02:00 DEBUG 36672 --- [Tenants_Managment] [           main] .m.m.a.ExceptionHandlerExceptionResolver : Using @ExceptionHandler com.smart_padel.spvending_management_api.shared.GlobalExceptionHandler#handleParamRequiredException(ParamRequiredException)
2025-06-04T11:56:26.057+02:00 DEBUG 36672 --- [Tenants_Managment] [           main] o.s.w.s.m.m.a.HttpEntityMethodProcessor  : Using 'application/json', given [*/*] and supported [application/json, application/*+json, application/yaml]
2025-06-04T11:56:26.057+02:00 DEBUG 36672 --- [Tenants_Managment] [           main] o.s.w.s.m.m.a.HttpEntityMethodProcessor  : Writing [{Error=The user is type 2, the tenant id is required.}]
2025-06-04T11:56:26.057+02:00 DEBUG 36672 --- [Tenants_Managment] [           main] .m.m.a.ExceptionHandlerExceptionResolver : Resolved [com.smart_padel.spvending_management_api.shared.exceptions.ParamRequiredException: The user is type 2, the tenant id is required.]
]]></system-out>
  </testcase>
  <testcase name="shouldUpdateUserManagerSuccessfullyWhenUserTypeIs1" classname="com.smart_padel.spvending_management_api.user_manager.infrastructure.rest.controller.PutUserManagerControllerTest" time="0.097">
    <system-out><![CDATA[2025-06-04T11:56:26.088+02:00 DEBUG 36672 --- [Tenants_Managment] [           main] s.w.s.m.m.a.RequestMappingHandlerMapping : Mapped to com.smart_padel.spvending_management_api.user_manager.infrastructure.rest.controller.PutUserManagerController#updateUserManager(UUID, UserManagerDtoIn)
2025-06-04T11:56:26.089+02:00 DEBUG 36672 --- [Tenants_Managment] [           main] m.m.a.RequestResponseBodyMethodProcessor : Read "application/json" to [UserManagerDtoIn(username=userName, password=Abc1234., micronId=abc123., micronUser=asdsa, micronPas (truncated)...]
2025-06-04T11:56:26.154+02:00 DEBUG 36672 --- [Tenants_Managment] [           main] o.s.w.s.m.m.a.HttpEntityMethodProcessor  : Using 'application/json', given [*/*] and supported [application/json, application/*+json, application/yaml]
2025-06-04T11:56:26.154+02:00 DEBUG 36672 --- [Tenants_Managment] [           main] o.s.w.s.m.m.a.HttpEntityMethodProcessor  : Writing [UserManagerDtoOutDetail(userManagerId=6d7679a5-0936-4c75-b6db-af2be002af9c, username=userName, passw (truncated)...]
]]></system-out>
  </testcase>
  <testcase name="shouldUpdateUserManagerSuccessfullyWhenUserTypeIs2" classname="com.smart_padel.spvending_management_api.user_manager.infrastructure.rest.controller.PutUserManagerControllerTest" time="0.086">
    <system-out><![CDATA[2025-06-04T11:56:26.186+02:00 DEBUG 36672 --- [Tenants_Managment] [           main] s.w.s.m.m.a.RequestMappingHandlerMapping : Mapped to com.smart_padel.spvending_management_api.user_manager.infrastructure.rest.controller.PutUserManagerController#updateUserManager(UUID, UserManagerDtoIn)
2025-06-04T11:56:26.187+02:00 DEBUG 36672 --- [Tenants_Managment] [           main] m.m.a.RequestResponseBodyMethodProcessor : Read "application/json" to [UserManagerDtoIn(username=userName, password=Abc1234., micronId=abc123., micronUser=asdsa, micronPas (truncated)...]
2025-06-04T11:56:26.241+02:00 DEBUG 36672 --- [Tenants_Managment] [           main] o.s.w.s.m.m.a.HttpEntityMethodProcessor  : Using 'application/json', given [*/*] and supported [application/json, application/*+json, application/yaml]
2025-06-04T11:56:26.241+02:00 DEBUG 36672 --- [Tenants_Managment] [           main] o.s.w.s.m.m.a.HttpEntityMethodProcessor  : Writing [UserManagerDtoOutDetail(userManagerId=fe43b085-93eb-4bf3-8351-a60c5803bb10, username=userName, passw (truncated)...]
]]></system-out>
  </testcase>
  <testcase name="shouldReturnNotFoundWhenClubEntityIdDoesNotExist" classname="com.smart_padel.spvending_management_api.user_manager.infrastructure.rest.controller.PutUserManagerControllerTest" time="0.031">
    <system-out><![CDATA[2025-06-04T11:56:26.246+02:00 DEBUG 36672 --- [Tenants_Managment] [           main] s.w.s.m.m.a.RequestMappingHandlerMapping : Mapped to com.smart_padel.spvending_management_api.user_manager.infrastructure.rest.controller.PutUserManagerController#updateUserManager(UUID, UserManagerDtoIn)
2025-06-04T11:56:26.247+02:00 DEBUG 36672 --- [Tenants_Managment] [           main] m.m.a.RequestResponseBodyMethodProcessor : Read "application/json" to [UserManagerDtoIn(username=userName, password=Abc1234., micronId=abc123., micronUser=asdsa, micronPas (truncated)...]
2025-06-04T11:56:26.273+02:00 DEBUG 36672 --- [Tenants_Managment] [           main] .m.m.a.ExceptionHandlerExceptionResolver : Using @ExceptionHandler com.smart_padel.spvending_management_api.shared.GlobalExceptionHandler#resourceNotFoundException(ResourceNotFoundException)
2025-06-04T11:56:26.273+02:00 DEBUG 36672 --- [Tenants_Managment] [           main] o.s.w.s.m.m.a.HttpEntityMethodProcessor  : Using 'application/json', given [*/*] and supported [application/json, application/*+json, application/yaml]
2025-06-04T11:56:26.273+02:00 DEBUG 36672 --- [Tenants_Managment] [           main] o.s.w.s.m.m.a.HttpEntityMethodProcessor  : Writing [{Error=Club not found}]
2025-06-04T11:56:26.274+02:00 DEBUG 36672 --- [Tenants_Managment] [           main] .m.m.a.ExceptionHandlerExceptionResolver : Resolved [com.smart_padel.spvending_management_api.shared.exceptions.ResourceNotFoundException: Club not found]
]]></system-out>
  </testcase>
  <testcase name="shouldReturnBadRequestWhenInputDataIsInvalid" classname="com.smart_padel.spvending_management_api.user_manager.infrastructure.rest.controller.PutUserManagerControllerTest" time="0.006">
    <system-out><![CDATA[2025-06-04T11:56:26.278+02:00 DEBUG 36672 --- [Tenants_Managment] [           main] s.w.s.m.m.a.RequestMappingHandlerMapping : Mapped to com.smart_padel.spvending_management_api.user_manager.infrastructure.rest.controller.PutUserManagerController#updateUserManager(UUID, UserManagerDtoIn)
2025-06-04T11:56:26.279+02:00 DEBUG 36672 --- [Tenants_Managment] [           main] m.m.a.RequestResponseBodyMethodProcessor : Read "application/json" to [UserManagerDtoIn(username=, password=1232as, micronId=abc123., micronUser=asdsa, micronPass=123432,  (truncated)...]
2025-06-04T11:56:26.280+02:00 DEBUG 36672 --- [Tenants_Managment] [           main] .m.m.a.ExceptionHandlerExceptionResolver : Using @ExceptionHandler com.smart_padel.spvending_management_api.shared.GlobalExceptionHandler#handleMethodArgumentNotValidException(MethodArgumentNotValidException)
2025-06-04T11:56:26.280+02:00 DEBUG 36672 --- [Tenants_Managment] [           main] o.s.w.s.m.m.a.HttpEntityMethodProcessor  : Using 'application/json', given [*/*] and supported [application/json, application/*+json, application/yaml]
2025-06-04T11:56:26.280+02:00 DEBUG 36672 --- [Tenants_Managment] [           main] o.s.w.s.m.m.a.HttpEntityMethodProcessor  : Writing [{password=the password must have at least 8 characters, 1 uppercase letter, 1 lowercase letter, and  (truncated)...]
2025-06-04T11:56:26.281+02:00 DEBUG 36672 --- [Tenants_Managment] [           main] .m.m.a.ExceptionHandlerExceptionResolver : Resolved [org.springframework.web.bind.MethodArgumentNotValidException: Validation failed for argument [1] in public org.springframework.http.ResponseEntity<com.smart_padel.spvending_management_api.user_manager.infrastructure.dto.UserManagerDtoOutDetail> com.smart_padel.spvending_management_api.user_manager.infrastructure.rest.controller.PutUserManagerController.updateUserManager(java.util.UUID,com.smart_padel.spvending_management_api.user_manager.infrastructure.dto.UserManagerDtoIn) throws java.security.GeneralSecurityException: [Field error in object 'userManagerDtoIn' on field 'password': rejected value [1232as]; codes [Pattern.userManagerDtoIn.password,Pattern.password,Pattern.java.lang.String,Pattern]; arguments [org.springframework.context.support.DefaultMessageSourceResolvable: codes [userManagerDtoIn.password,password]; arguments []; default message [password],[Ljakarta.validation.constraints.Pattern$Flag;@540823d,^(?=.*\d)(?=.*[a-z])(?=.*[A-Z])(?=.*[a-zA-Z]).{8,}$]; default message [the password must have at least 8 characters, 1 uppercase letter, 1 lowercase letter, and 1 number]] ]
]]></system-out>
  </testcase>
</testsuite>