<?xml version="1.0" encoding="UTF-8"?>
<testsuite xmlns:xsi="http://www.w3.org/2001/XMLSchema-instance" xsi:noNamespaceSchemaLocation="https://maven.apache.org/surefire/maven-surefire-plugin/xsd/surefire-test-report-3.0.xsd" version="3.0" name="com.smart_padel.spvending_management_api.club.infrastructure.rest.controller.PutClubControllerTest" time="0.446" tests="3" errors="0" skipped="0" failures="0">
  <properties>
[...]
</properties>
  <testcase name="shouldReturnBadRequestForInvalidClubInput" classname="com.smart_padel.spvending_management_api.club.infrastructure.rest.controller.PutClubControllerTest" time="0.017">
    <system-out><![CDATA[2025-05-21T15:42:30.559+02:00  INFO 47948 --- [Tenants_Managment] [           main] t.c.s.AnnotationConfigContextLoaderUtils : Could not detect default configuration classes for test class [com.smart_padel.spvending_management_api.club.infrastructure.rest.controller.PutClubControllerTest]: PutClubControllerTest does not declare any static, non-private, non-final, nested classes annotated with @Configuration.
2025-05-21T15:42:30.566+02:00  INFO 47948 --- [Tenants_Managment] [           main] .b.t.c.SpringBootTestContextBootstrapper : Found @SpringBootConfiguration com.smart_padel.spvending_management_api.SPVendingManagementApplication for test class com.smart_padel.spvending_management_api.club.infrastructure.rest.controller.PutClubControllerTest
2025-05-21T15:42:30.570+02:00  INFO 47948 --- [Tenants_Managment] [           main] o.s.b.d.r.RestartApplicationListener     : Restart disabled due to context in which it is running

  .   ____          _            __ _ _
 /\\ / ___'_ __ _ _(_)_ __  __ _ \ \ \ \
( ( )\___ | '_ | '_| | '_ \/ _` | \ \ \ \
 \\/  ___)| |_)| | | | | || (_| |  ) ) ) )
  '  |____| .__|_| |_|_| |_\__, | / / / /
 =========|_|==============|___/=/_/_/_/

 :: Spring Boot ::                (v3.4.4)

2025-05-21T15:42:30.597+02:00  INFO 47948 --- [Tenants_Managment] [           main] c.s.s.c.i.r.c.PutClubControllerTest      : Starting PutClubControllerTest using Java 22.0.1 with PID 47948 (started by Usuario in D:\TRABAJO\Practicar\spvending-manager)
2025-05-21T15:42:30.597+02:00  INFO 47948 --- [Tenants_Managment] [           main] c.s.s.c.i.r.c.PutClubControllerTest      : No active profile set, falling back to 1 default profile: "default"
2025-05-21T15:42:30.600+02:00 DEBUG 47948 --- [Tenants_Managment] [           main] o.s.w.c.s.GenericWebApplicationContext   : Refreshing org.springframework.web.context.support.GenericWebApplicationContext@5fc4773e
2025-05-21T15:42:30.845+02:00  WARN 47948 --- [Tenants_Managment] [           main] .s.s.UserDetailsServiceAutoConfiguration : 

Using generated security password: 9773c5bc-6b03-49e8-b086-0b3dac20f112

This generated password is for development use only. Your security configuration must be updated before running your application in production.

2025-05-21T15:42:30.869+02:00 DEBUG 47948 --- [Tenants_Managment] [           main] s.w.s.m.m.a.RequestMappingHandlerMapping : 3 mappings in 'requestMappingHandlerMapping'
2025-05-21T15:42:30.934+02:00 DEBUG 47948 --- [Tenants_Managment] [           main] o.s.w.s.handler.SimpleUrlHandlerMapping  : Patterns [/webjars/**, /**] in 'resourceHandlerMapping'
2025-05-21T15:42:30.936+02:00 DEBUG 47948 --- [Tenants_Managment] [           main] s.w.s.m.m.a.RequestMappingHandlerAdapter : ControllerAdvice beans: 0 @ModelAttribute, 0 @InitBinder, 1 RequestBodyAdvice, 1 ResponseBodyAdvice
2025-05-21T15:42:30.938+02:00 DEBUG 47948 --- [Tenants_Managment] [           main] .m.m.a.ExceptionHandlerExceptionResolver : ControllerAdvice beans: 1 @ExceptionHandler, 1 ResponseBodyAdvice
2025-05-21T15:42:30.945+02:00  INFO 47948 --- [Tenants_Managment] [           main] r$InitializeUserDetailsManagerConfigurer : Global AuthenticationManager configured with UserDetailsService bean with name inMemoryUserDetailsManager
2025-05-21T15:42:30.952+02:00 DEBUG 47948 --- [Tenants_Managment] [           main] o.s.s.web.DefaultSecurityFilterChain     : Will secure any request with filters: DisableEncodeUrlFilter, WebAsyncManagerIntegrationFilter, SecurityContextHolderFilter, HeaderWriterFilter, CsrfFilter, LogoutFilter, UsernamePasswordAuthenticationFilter, DefaultResourcesFilter, DefaultLoginPageGeneratingFilter, DefaultLogoutPageGeneratingFilter, BasicAuthenticationFilter, RequestCacheAwareFilter, SecurityContextHolderAwareRequestFilter, AnonymousAuthenticationFilter, ExceptionTranslationFilter, AuthorizationFilter
2025-05-21T15:42:30.957+02:00  INFO 47948 --- [Tenants_Managment] [           main] o.s.b.t.m.w.SpringBootMockServletContext : Initializing Spring TestDispatcherServlet ''
2025-05-21T15:42:30.957+02:00  INFO 47948 --- [Tenants_Managment] [           main] o.s.t.web.servlet.TestDispatcherServlet  : Initializing Servlet ''
2025-05-21T15:42:30.957+02:00  INFO 47948 --- [Tenants_Managment] [           main] o.s.t.web.servlet.TestDispatcherServlet  : Completed initialization in 0 ms
2025-05-21T15:42:30.961+02:00  INFO 47948 --- [Tenants_Managment] [           main] c.s.s.c.i.r.c.PutClubControllerTest      : Started PutClubControllerTest in 0.392 seconds (process running for 11.357)
2025-05-21T15:42:30.968+02:00 DEBUG 47948 --- [Tenants_Managment] [           main] s.w.s.m.m.a.RequestMappingHandlerMapping : Mapped to com.smart_padel.spvending_management_api.club.infrastructure.rest.controller.PutClubController#updateClub(UUID, ClubDtoIn)
2025-05-21T15:42:30.971+02:00 DEBUG 47948 --- [Tenants_Managment] [           main] m.m.a.RequestResponseBodyMethodProcessor : Read "application/json" to [ClubDtoIn(name=, cif=, address=, phone=, email=invalidEmail, remark=, micronId=, tenantId=null, acco (truncated)...]
2025-05-21T15:42:30.975+02:00 DEBUG 47948 --- [Tenants_Managment] [           main] .m.m.a.ExceptionHandlerExceptionResolver : Using @ExceptionHandler com.smart_padel.spvending_management_api.shared.GlobalExceptionHandler#handleMethodArgumentNotValidException(MethodArgumentNotValidException)
2025-05-21T15:42:30.976+02:00 DEBUG 47948 --- [Tenants_Managment] [           main] o.s.w.s.m.m.a.HttpEntityMethodProcessor  : Using 'application/json', given [*/*] and supported [application/json, application/*+json, application/yaml]
2025-05-21T15:42:30.977+02:00 DEBUG 47948 --- [Tenants_Managment] [           main] o.s.w.s.m.m.a.HttpEntityMethodProcessor  : Writing [{accountingId=AccountingId is required, tenantId=Tenant Id is required, name=must be at least 1 lett (truncated)...]
2025-05-21T15:42:30.977+02:00 DEBUG 47948 --- [Tenants_Managment] [           main] .m.m.a.ExceptionHandlerExceptionResolver : Resolved [org.springframework.web.bind.MethodArgumentNotValidException: Validation failed for argument [1] in public org.springframework.http.ResponseEntity<com.smart_padel.spvending_management_api.club.infrastructure.dto.ClubDtoOutDetail> com.smart_padel.spvending_management_api.club.infrastructure.rest.controller.PutClubController.updateClub(java.util.UUID,com.smart_padel.spvending_management_api.club.infrastructure.dto.ClubDtoIn) with 4 errors: [Field error in object 'clubDtoIn' on field 'email': rejected value [invalidEmail]; codes [Pattern.clubDtoIn.email,Pattern.email,Pattern.java.lang.String,Pattern]; arguments [org.springframework.context.support.DefaultMessageSourceResolvable: codes [clubDtoIn.email,email]; arguments []; default message [email],[Ljakarta.validation.constraints.Pattern$Flag;@1722c1fa,^[a-z0-9!#$%&'*+/=?^_`{|}~-]+(?:\.[a-z0-9!#$%&'*+/=?^_`{|}~-]+)*@(?:[a-z0-9](?:[a-z0-9-]*[a-z0-9])?\.)+[a-z0-9](?:[a-z0-9-]*[a-z0-9])?$]; default message [The email must be composed of a text string followed by @, another text string, a period and another text string, example: example@email.com]] [Field error in object 'clubDtoIn' on field 'tenantId': rejected value [null]; codes [NotNull.clubDtoIn.tenantId,NotNull.tenantId,NotNull.java.util.UUID,NotNull]; arguments [org.springframework.context.support.DefaultMessageSourceResolvable: codes [clubDtoIn.tenantId,tenantId]; arguments []; default message [tenantId]]; default message [Tenant Id is required]] [Field error in object 'clubDtoIn' on field 'name': rejected value []; codes [Size.clubDtoIn.name,Size.name,Size.java.lang.String,Size]; arguments [org.springframework.context.support.DefaultMessageSourceResolvable: codes [clubDtoIn.name,name]; arguments []; default message [name],100,1]; default message [must be at least 1 letter and cannot exceed 100 characters]] [Field error in object 'clubDtoIn' on field 'accountingId': rejected value [null]; codes [NotNull.clubDtoIn.accountingId,NotNull.accountingId,NotNull.java.lang.String,NotNull]; arguments [org.springframework.context.support.DefaultMessageSourceResolvable: codes [clubDtoIn.accountingId,accountingId]; arguments []; default message [accountingId]]; default message [AccountingId is required]] ]
]]></system-out>
  </testcase>
  <testcase name="shouldReturnNotFoundWhenClubDoesNotExist" classname="com.smart_padel.spvending_management_api.club.infrastructure.rest.controller.PutClubControllerTest" time="0.009">
    <system-out><![CDATA[2025-05-21T15:42:30.986+02:00 DEBUG 47948 --- [Tenants_Managment] [           main] s.w.s.m.m.a.RequestMappingHandlerMapping : Mapped to com.smart_padel.spvending_management_api.club.infrastructure.rest.controller.PutClubController#updateClub(UUID, ClubDtoIn)
2025-05-21T15:42:30.987+02:00 DEBUG 47948 --- [Tenants_Managment] [           main] m.m.a.RequestResponseBodyMethodProcessor : Read "application/json" to [ClubDtoIn(name=updatedName, cif=1232as, address=updatedAddress, phone=1245456, email=example@gmail.c (truncated)...]
2025-05-21T15:42:30.989+02:00 DEBUG 47948 --- [Tenants_Managment] [           main] .m.m.a.ExceptionHandlerExceptionResolver : Using @ExceptionHandler com.smart_padel.spvending_management_api.shared.GlobalExceptionHandler#resourceNotFoundException(ResourceNotFoundException)
2025-05-21T15:42:30.989+02:00 DEBUG 47948 --- [Tenants_Managment] [           main] o.s.w.s.m.m.a.HttpEntityMethodProcessor  : Using 'application/json', given [*/*] and supported [application/json, application/*+json, application/yaml]
2025-05-21T15:42:30.989+02:00 DEBUG 47948 --- [Tenants_Managment] [           main] o.s.w.s.m.m.a.HttpEntityMethodProcessor  : Writing [{Error=Club not found}]
2025-05-21T15:42:30.989+02:00 DEBUG 47948 --- [Tenants_Managment] [           main] .m.m.a.ExceptionHandlerExceptionResolver : Resolved [com.smart_padel.spvending_management_api.shared.exceptions.ResourceNotFoundException: Club not found]
]]></system-out>
  </testcase>
  <testcase name="shouldUpdateClubSuccessfully" classname="com.smart_padel.spvending_management_api.club.infrastructure.rest.controller.PutClubControllerTest" time="0.012">
    <system-out><![CDATA[2025-05-21T15:42:30.996+02:00 DEBUG 47948 --- [Tenants_Managment] [           main] s.w.s.m.m.a.RequestMappingHandlerMapping : Mapped to com.smart_padel.spvending_management_api.club.infrastructure.rest.controller.PutClubController#updateClub(UUID, ClubDtoIn)
2025-05-21T15:42:30.996+02:00 DEBUG 47948 --- [Tenants_Managment] [           main] m.m.a.RequestResponseBodyMethodProcessor : Read "application/json" to [ClubDtoIn(name=updatedName, cif=1232as, address=updatedAddress, phone=1245456, email=example@gmail.c (truncated)...]
2025-05-21T15:42:31.001+02:00 DEBUG 47948 --- [Tenants_Managment] [           main] o.s.w.s.m.m.a.HttpEntityMethodProcessor  : Using 'application/json', given [*/*] and supported [application/json, application/*+json, application/yaml]
2025-05-21T15:42:31.001+02:00 DEBUG 47948 --- [Tenants_Managment] [           main] o.s.w.s.m.m.a.HttpEntityMethodProcessor  : Writing [ClubDtoOutDetail(clubId=0e82d474-efb7-48c8-8d93-a64aca2898b6, name=updatedName, cif=1232as, address= (truncated)...]
]]></system-out>
  </testcase>
</testsuite>