<?xml version="1.0" encoding="UTF-8"?>
<testsuite xmlns:xsi="http://www.w3.org/2001/XMLSchema-instance" xsi:noNamespaceSchemaLocation="https://maven.apache.org/surefire/maven-surefire-plugin/xsd/surefire-test-report-3.0.xsd" version="3.0" name="com.smart_padel.spvending_management_api.user_manager.infrastructure.rest.controller.PostUserManagerControllerTest" time="0.738" tests="8" errors="0" skipped="0" failures="0">
  <properties>
[...]
</properties>
  <testcase name="shouldReturnNotFoundWhenTenantEntityIdDoesNotExist" classname="com.smart_padel.spvending_management_api.user_manager.infrastructure.rest.controller.PostUserManagerControllerTest" time="0.049">
    <system-out><![CDATA[2025-05-21T15:42:38.984+02:00  INFO 47948 --- [Tenants_Managment] [           main] t.c.s.AnnotationConfigContextLoaderUtils : Could not detect default configuration classes for test class [com.smart_padel.spvending_management_api.user_manager.infrastructure.rest.controller.PostUserManagerControllerTest]: PostUserManagerControllerTest does not declare any static, non-private, non-final, nested classes annotated with @Configuration.
2025-05-21T15:42:38.990+02:00  INFO 47948 --- [Tenants_Managment] [           main] .b.t.c.SpringBootTestContextBootstrapper : Found @SpringBootConfiguration com.smart_padel.spvending_management_api.SPVendingManagementApplication for test class com.smart_padel.spvending_management_api.user_manager.infrastructure.rest.controller.PostUserManagerControllerTest
2025-05-21T15:42:38.993+02:00  INFO 47948 --- [Tenants_Managment] [           main] o.s.b.d.r.RestartApplicationListener     : Restart disabled due to context in which it is running

  .   ____          _            __ _ _
 /\\ / ___'_ __ _ _(_)_ __  __ _ \ \ \ \
( ( )\___ | '_ | '_| | '_ \/ _` | \ \ \ \
 \\/  ___)| |_)| | | | | || (_| |  ) ) ) )
  '  |____| .__|_| |_|_| |_\__, | / / / /
 =========|_|==============|___/=/_/_/_/

 :: Spring Boot ::                (v3.4.4)

2025-05-21T15:42:39.005+02:00  INFO 47948 --- [Tenants_Managment] [           main] .s.u.i.r.c.PostUserManagerControllerTest : Starting PostUserManagerControllerTest using Java 22.0.1 with PID 47948 (started by Usuario in D:\TRABAJO\Practicar\spvending-manager)
2025-05-21T15:42:39.005+02:00  INFO 47948 --- [Tenants_Managment] [           main] .s.u.i.r.c.PostUserManagerControllerTest : No active profile set, falling back to 1 default profile: "default"
2025-05-21T15:42:39.007+02:00 DEBUG 47948 --- [Tenants_Managment] [           main] o.s.w.c.s.GenericWebApplicationContext   : Refreshing org.springframework.web.context.support.GenericWebApplicationContext@940bdd7
2025-05-21T15:42:39.217+02:00  WARN 47948 --- [Tenants_Managment] [           main] .s.s.UserDetailsServiceAutoConfiguration : 

Using generated security password: 4a429bb2-c534-4666-a0d8-d01ac6172c37

This generated password is for development use only. Your security configuration must be updated before running your application in production.

2025-05-21T15:42:39.241+02:00 DEBUG 47948 --- [Tenants_Managment] [           main] s.w.s.m.m.a.RequestMappingHandlerMapping : 3 mappings in 'requestMappingHandlerMapping'
2025-05-21T15:42:39.321+02:00 DEBUG 47948 --- [Tenants_Managment] [           main] o.s.w.s.handler.SimpleUrlHandlerMapping  : Patterns [/webjars/**, /**] in 'resourceHandlerMapping'
2025-05-21T15:42:39.323+02:00 DEBUG 47948 --- [Tenants_Managment] [           main] s.w.s.m.m.a.RequestMappingHandlerAdapter : ControllerAdvice beans: 0 @ModelAttribute, 0 @InitBinder, 1 RequestBodyAdvice, 1 ResponseBodyAdvice
2025-05-21T15:42:39.325+02:00 DEBUG 47948 --- [Tenants_Managment] [           main] .m.m.a.ExceptionHandlerExceptionResolver : ControllerAdvice beans: 1 @ExceptionHandler, 1 ResponseBodyAdvice
2025-05-21T15:42:39.330+02:00  INFO 47948 --- [Tenants_Managment] [           main] r$InitializeUserDetailsManagerConfigurer : Global AuthenticationManager configured with UserDetailsService bean with name inMemoryUserDetailsManager
2025-05-21T15:42:39.337+02:00 DEBUG 47948 --- [Tenants_Managment] [           main] o.s.s.web.DefaultSecurityFilterChain     : Will secure any request with filters: DisableEncodeUrlFilter, WebAsyncManagerIntegrationFilter, SecurityContextHolderFilter, HeaderWriterFilter, CsrfFilter, LogoutFilter, UsernamePasswordAuthenticationFilter, DefaultResourcesFilter, DefaultLoginPageGeneratingFilter, DefaultLogoutPageGeneratingFilter, BasicAuthenticationFilter, RequestCacheAwareFilter, SecurityContextHolderAwareRequestFilter, AnonymousAuthenticationFilter, ExceptionTranslationFilter, AuthorizationFilter
2025-05-21T15:42:39.341+02:00  INFO 47948 --- [Tenants_Managment] [           main] o.s.b.t.m.w.SpringBootMockServletContext : Initializing Spring TestDispatcherServlet ''
2025-05-21T15:42:39.341+02:00  INFO 47948 --- [Tenants_Managment] [           main] o.s.t.web.servlet.TestDispatcherServlet  : Initializing Servlet ''
2025-05-21T15:42:39.341+02:00  INFO 47948 --- [Tenants_Managment] [           main] o.s.t.web.servlet.TestDispatcherServlet  : Completed initialization in 0 ms
2025-05-21T15:42:39.345+02:00  INFO 47948 --- [Tenants_Managment] [           main] .s.u.i.r.c.PostUserManagerControllerTest : Started PostUserManagerControllerTest in 0.354 seconds (process running for 19.74)
2025-05-21T15:42:39.352+02:00 DEBUG 47948 --- [Tenants_Managment] [           main] s.w.s.m.m.a.RequestMappingHandlerMapping : Mapped to com.smart_padel.spvending_management_api.user_manager.infrastructure.rest.controller.PostUserManagerController#createUserManager(UserManagerDtoIn)
2025-05-21T15:42:39.357+02:00 DEBUG 47948 --- [Tenants_Managment] [           main] m.m.a.RequestResponseBodyMethodProcessor : Read "application/json" to [UserManagerDtoIn(username=userName, password=Abc1234., micronId=abc123., micronUser=asdsa, micronPas (truncated)...]
2025-05-21T15:42:39.392+02:00 DEBUG 47948 --- [Tenants_Managment] [           main] .m.m.a.ExceptionHandlerExceptionResolver : Using @ExceptionHandler com.smart_padel.spvending_management_api.shared.GlobalExceptionHandler#resourceNotFoundException(ResourceNotFoundException)
2025-05-21T15:42:39.393+02:00 DEBUG 47948 --- [Tenants_Managment] [           main] o.s.w.s.m.m.a.HttpEntityMethodProcessor  : Using 'application/json', given [*/*] and supported [application/json, application/*+json, application/yaml]
2025-05-21T15:42:39.393+02:00 DEBUG 47948 --- [Tenants_Managment] [           main] o.s.w.s.m.m.a.HttpEntityMethodProcessor  : Writing [{Error=Tenant not found}]
2025-05-21T15:42:39.394+02:00 DEBUG 47948 --- [Tenants_Managment] [           main] .m.m.a.ExceptionHandlerExceptionResolver : Resolved [com.smart_padel.spvending_management_api.shared.exceptions.ResourceNotFoundException: Tenant not found]
]]></system-out>
  </testcase>
  <testcase name="shouldReturnConflictWhenUsernameAlreadyExists" classname="com.smart_padel.spvending_management_api.user_manager.infrastructure.rest.controller.PostUserManagerControllerTest" time="0.044">
    <system-out><![CDATA[2025-05-21T15:42:39.400+02:00 DEBUG 47948 --- [Tenants_Managment] [           main] s.w.s.m.m.a.RequestMappingHandlerMapping : Mapped to com.smart_padel.spvending_management_api.user_manager.infrastructure.rest.controller.PostUserManagerController#createUserManager(UserManagerDtoIn)
2025-05-21T15:42:39.401+02:00 DEBUG 47948 --- [Tenants_Managment] [           main] m.m.a.RequestResponseBodyMethodProcessor : Read "application/json" to [UserManagerDtoIn(username=existingUser, password=Abc1234., micronId=abc123., micronUser=asdsa, micro (truncated)...]
2025-05-21T15:42:39.437+02:00 DEBUG 47948 --- [Tenants_Managment] [           main] .m.m.a.ExceptionHandlerExceptionResolver : Using @ExceptionHandler com.smart_padel.spvending_management_api.shared.GlobalExceptionHandler#handleResourceAlreadyExistsException(ResourceAlreadyExistsException)
2025-05-21T15:42:39.437+02:00 DEBUG 47948 --- [Tenants_Managment] [           main] o.s.w.s.m.m.a.HttpEntityMethodProcessor  : Using 'application/json', given [*/*] and supported [application/json, application/*+json, application/yaml]
2025-05-21T15:42:39.437+02:00 DEBUG 47948 --- [Tenants_Managment] [           main] o.s.w.s.m.m.a.HttpEntityMethodProcessor  : Writing [{Error=Username already exists}]
2025-05-21T15:42:39.439+02:00 DEBUG 47948 --- [Tenants_Managment] [           main] .m.m.a.ExceptionHandlerExceptionResolver : Resolved [com.smart_padel.spvending_management_api.shared.exceptions.ResourceAlreadyExistsException: Username already exists]
]]></system-out>
  </testcase>
  <testcase name="shouldReturnBadRequestWhenUserTypeIs1ButClubEntityIdIsProvided" classname="com.smart_padel.spvending_management_api.user_manager.infrastructure.rest.controller.PostUserManagerControllerTest" time="0.04">
    <system-out><![CDATA[2025-05-21T15:42:39.447+02:00 DEBUG 47948 --- [Tenants_Managment] [           main] s.w.s.m.m.a.RequestMappingHandlerMapping : Mapped to com.smart_padel.spvending_management_api.user_manager.infrastructure.rest.controller.PostUserManagerController#createUserManager(UserManagerDtoIn)
2025-05-21T15:42:39.450+02:00 DEBUG 47948 --- [Tenants_Managment] [           main] m.m.a.RequestResponseBodyMethodProcessor : Read "application/json" to [UserManagerDtoIn(username=userName, password=Abc1234., micronId=abc123., micronUser=asdsa, micronPas (truncated)...]
2025-05-21T15:42:39.481+02:00 DEBUG 47948 --- [Tenants_Managment] [           main] .m.m.a.ExceptionHandlerExceptionResolver : Using @ExceptionHandler com.smart_padel.spvending_management_api.shared.GlobalExceptionHandler#handleParamRequiredException(ParamRequiredException)
2025-05-21T15:42:39.481+02:00 DEBUG 47948 --- [Tenants_Managment] [           main] o.s.w.s.m.m.a.HttpEntityMethodProcessor  : Using 'application/json', given [*/*] and supported [application/json, application/*+json, application/yaml]
2025-05-21T15:42:39.481+02:00 DEBUG 47948 --- [Tenants_Managment] [           main] o.s.w.s.m.m.a.HttpEntityMethodProcessor  : Writing [{Error=The user is type 1, the club id is required.}]
2025-05-21T15:42:39.482+02:00 DEBUG 47948 --- [Tenants_Managment] [           main] .m.m.a.ExceptionHandlerExceptionResolver : Resolved [com.smart_padel.spvending_management_api.shared.exceptions.ParamRequiredException: The user is type 1, the club id is required.]
]]></system-out>
  </testcase>
  <testcase name="shouldReturnBadRequestWhenUserTypeIs2ButTenantEntityIdIsProvided" classname="com.smart_padel.spvending_management_api.user_manager.infrastructure.rest.controller.PostUserManagerControllerTest" time="0.037">
    <system-out><![CDATA[2025-05-21T15:42:39.487+02:00 DEBUG 47948 --- [Tenants_Managment] [           main] s.w.s.m.m.a.RequestMappingHandlerMapping : Mapped to com.smart_padel.spvending_management_api.user_manager.infrastructure.rest.controller.PostUserManagerController#createUserManager(UserManagerDtoIn)
2025-05-21T15:42:39.487+02:00 DEBUG 47948 --- [Tenants_Managment] [           main] m.m.a.RequestResponseBodyMethodProcessor : Read "application/json" to [UserManagerDtoIn(username=userName, password=Abc1234., micronId=abc123., micronUser=asdsa, micronPas (truncated)...]
2025-05-21T15:42:39.519+02:00 DEBUG 47948 --- [Tenants_Managment] [           main] .m.m.a.ExceptionHandlerExceptionResolver : Using @ExceptionHandler com.smart_padel.spvending_management_api.shared.GlobalExceptionHandler#handleParamRequiredException(ParamRequiredException)
2025-05-21T15:42:39.519+02:00 DEBUG 47948 --- [Tenants_Managment] [           main] o.s.w.s.m.m.a.HttpEntityMethodProcessor  : Using 'application/json', given [*/*] and supported [application/json, application/*+json, application/yaml]
2025-05-21T15:42:39.519+02:00 DEBUG 47948 --- [Tenants_Managment] [           main] o.s.w.s.m.m.a.HttpEntityMethodProcessor  : Writing [{Error=The user is type 2, the tenant id is required.}]
2025-05-21T15:42:39.520+02:00 DEBUG 47948 --- [Tenants_Managment] [           main] .m.m.a.ExceptionHandlerExceptionResolver : Resolved [com.smart_padel.spvending_management_api.shared.exceptions.ParamRequiredException: The user is type 2, the tenant id is required.]
]]></system-out>
  </testcase>
  <testcase name="shouldCreateUserManagerSuccessfullyWhenUserTypeIs1" classname="com.smart_padel.spvending_management_api.user_manager.infrastructure.rest.controller.PostUserManagerControllerTest" time="0.082">
    <system-out><![CDATA[2025-05-21T15:42:39.565+02:00 DEBUG 47948 --- [Tenants_Managment] [           main] s.w.s.m.m.a.RequestMappingHandlerMapping : Mapped to com.smart_padel.spvending_management_api.user_manager.infrastructure.rest.controller.PostUserManagerController#createUserManager(UserManagerDtoIn)
2025-05-21T15:42:39.566+02:00 DEBUG 47948 --- [Tenants_Managment] [           main] m.m.a.RequestResponseBodyMethodProcessor : Read "application/json" to [UserManagerDtoIn(username=userName, password=Abc1234., micronId=abc123., micronUser=asdsa, micronPas (truncated)...]
2025-05-21T15:42:39.601+02:00 DEBUG 47948 --- [Tenants_Managment] [           main] o.s.w.s.m.m.a.HttpEntityMethodProcessor  : Using 'application/json', given [*/*] and supported [application/json, application/*+json, application/yaml]
2025-05-21T15:42:39.602+02:00 DEBUG 47948 --- [Tenants_Managment] [           main] o.s.w.s.m.m.a.HttpEntityMethodProcessor  : Writing [UserManagerDtoOutPreview(userManagerId=5895f7e0-ddfa-4350-a317-5c62d7d4a6ad, username=userName, micr (truncated)...]
]]></system-out>
  </testcase>
  <testcase name="shouldCreateUserManagerSuccessfullyWhenUserTypeIs2" classname="com.smart_padel.spvending_management_api.user_manager.infrastructure.rest.controller.PostUserManagerControllerTest" time="0.074">
    <system-out><![CDATA[2025-05-21T15:42:39.645+02:00 DEBUG 47948 --- [Tenants_Managment] [           main] s.w.s.m.m.a.RequestMappingHandlerMapping : Mapped to com.smart_padel.spvending_management_api.user_manager.infrastructure.rest.controller.PostUserManagerController#createUserManager(UserManagerDtoIn)
2025-05-21T15:42:39.646+02:00 DEBUG 47948 --- [Tenants_Managment] [           main] m.m.a.RequestResponseBodyMethodProcessor : Read "application/json" to [UserManagerDtoIn(username=userName, password=Abc1234., micronId=abc123., micronUser=asdsa, micronPas (truncated)...]
2025-05-21T15:42:39.678+02:00 DEBUG 47948 --- [Tenants_Managment] [           main] o.s.w.s.m.m.a.HttpEntityMethodProcessor  : Using 'application/json', given [*/*] and supported [application/json, application/*+json, application/yaml]
2025-05-21T15:42:39.678+02:00 DEBUG 47948 --- [Tenants_Managment] [           main] o.s.w.s.m.m.a.HttpEntityMethodProcessor  : Writing [UserManagerDtoOutPreview(userManagerId=13e86c5b-66c7-4ded-8b33-71387ba5bd9c, username=userName, micr (truncated)...]
]]></system-out>
  </testcase>
  <testcase name="shouldReturnNotFoundWhenClubEntityIdDoesNotExist" classname="com.smart_padel.spvending_management_api.user_manager.infrastructure.rest.controller.PostUserManagerControllerTest" time="0.033">
    <system-out><![CDATA[2025-05-21T15:42:39.685+02:00 DEBUG 47948 --- [Tenants_Managment] [           main] s.w.s.m.m.a.RequestMappingHandlerMapping : Mapped to com.smart_padel.spvending_management_api.user_manager.infrastructure.rest.controller.PostUserManagerController#createUserManager(UserManagerDtoIn)
2025-05-21T15:42:39.686+02:00 DEBUG 47948 --- [Tenants_Managment] [           main] m.m.a.RequestResponseBodyMethodProcessor : Read "application/json" to [UserManagerDtoIn(username=userName, password=Abc1234., micronId=abc123., micronUser=asdsa, micronPas (truncated)...]
2025-05-21T15:42:39.713+02:00 DEBUG 47948 --- [Tenants_Managment] [           main] .m.m.a.ExceptionHandlerExceptionResolver : Using @ExceptionHandler com.smart_padel.spvending_management_api.shared.GlobalExceptionHandler#resourceNotFoundException(ResourceNotFoundException)
2025-05-21T15:42:39.713+02:00 DEBUG 47948 --- [Tenants_Managment] [           main] o.s.w.s.m.m.a.HttpEntityMethodProcessor  : Using 'application/json', given [*/*] and supported [application/json, application/*+json, application/yaml]
2025-05-21T15:42:39.713+02:00 DEBUG 47948 --- [Tenants_Managment] [           main] o.s.w.s.m.m.a.HttpEntityMethodProcessor  : Writing [{Error=Club not found}]
2025-05-21T15:42:39.714+02:00 DEBUG 47948 --- [Tenants_Managment] [           main] .m.m.a.ExceptionHandlerExceptionResolver : Resolved [com.smart_padel.spvending_management_api.shared.exceptions.ResourceNotFoundException: Club not found]
]]></system-out>
  </testcase>
  <testcase name="shouldReturnBadRequestWhenInputDataIsInvalid" classname="com.smart_padel.spvending_management_api.user_manager.infrastructure.rest.controller.PostUserManagerControllerTest" time="0.005">
    <system-out><![CDATA[2025-05-21T15:42:39.717+02:00 DEBUG 47948 --- [Tenants_Managment] [           main] s.w.s.m.m.a.RequestMappingHandlerMapping : Mapped to com.smart_padel.spvending_management_api.user_manager.infrastructure.rest.controller.PostUserManagerController#createUserManager(UserManagerDtoIn)
2025-05-21T15:42:39.719+02:00 DEBUG 47948 --- [Tenants_Managment] [           main] m.m.a.RequestResponseBodyMethodProcessor : Read "application/json" to [UserManagerDtoIn(username=, password=1232as, micronId=abc123., micronUser=asdsa, micronPass=123432,  (truncated)...]
2025-05-21T15:42:39.719+02:00 DEBUG 47948 --- [Tenants_Managment] [           main] .m.m.a.ExceptionHandlerExceptionResolver : Using @ExceptionHandler com.smart_padel.spvending_management_api.shared.GlobalExceptionHandler#handleMethodArgumentNotValidException(MethodArgumentNotValidException)
2025-05-21T15:42:39.720+02:00 DEBUG 47948 --- [Tenants_Managment] [           main] o.s.w.s.m.m.a.HttpEntityMethodProcessor  : Using 'application/json', given [*/*] and supported [application/json, application/*+json, application/yaml]
2025-05-21T15:42:39.720+02:00 DEBUG 47948 --- [Tenants_Managment] [           main] o.s.w.s.m.m.a.HttpEntityMethodProcessor  : Writing [{password=the password must have at least 8 characters, 1 uppercase letter, 1 lowercase letter, and  (truncated)...]
2025-05-21T15:42:39.720+02:00 DEBUG 47948 --- [Tenants_Managment] [           main] .m.m.a.ExceptionHandlerExceptionResolver : Resolved [org.springframework.web.bind.MethodArgumentNotValidException: Validation failed for argument [0] in public org.springframework.http.ResponseEntity<com.smart_padel.spvending_management_api.user_manager.infrastructure.dto.UserManagerDtoOutPreview> com.smart_padel.spvending_management_api.user_manager.infrastructure.rest.controller.PostUserManagerController.createUserManager(com.smart_padel.spvending_management_api.user_manager.infrastructure.dto.UserManagerDtoIn) throws java.security.GeneralSecurityException: [Field error in object 'userManagerDtoIn' on field 'password': rejected value [1232as]; codes [Pattern.userManagerDtoIn.password,Pattern.password,Pattern.java.lang.String,Pattern]; arguments [org.springframework.context.support.DefaultMessageSourceResolvable: codes [userManagerDtoIn.password,password]; arguments []; default message [password],[Ljakarta.validation.constraints.Pattern$Flag;@1722c1fa,^(?=.*\d)(?=.*[a-z])(?=.*[A-Z])(?=.*[a-zA-Z]).{8,}$]; default message [the password must have at least 8 characters, 1 uppercase letter, 1 lowercase letter, and 1 number]] ]
]]></system-out>
  </testcase>
</testsuite>