<?xml version="1.0" encoding="UTF-8"?>
<testsuite xmlns:xsi="http://www.w3.org/2001/XMLSchema-instance" xsi:noNamespaceSchemaLocation="https://maven.apache.org/surefire/maven-surefire-plugin/xsd/surefire-test-report-3.0.xsd" version="3.0" name="com.smart_padel.spvending_management_api.club.infrastructure.rest.controller.GetClubControllerTest" time="0.823" tests="8" errors="0" skipped="0" failures="0">
  <properties>
[...]
</properties>
  <testcase name="shouldGetMachinesByClubIdSuccessfully" classname="com.smart_padel.spvending_management_api.club.infrastructure.rest.controller.GetClubControllerTest" time="0.149">
    <system-out><![CDATA[2025-05-13T15:53:15.441+02:00  INFO 30504 --- [Tenants_Managment] [           main] t.c.s.AnnotationConfigContextLoaderUtils : Could not detect default configuration classes for test class [com.smart_padel.spvending_management_api.club.infrastructure.rest.controller.GetClubControllerTest]: GetClubControllerTest does not declare any static, non-private, non-final, nested classes annotated with @Configuration.
2025-05-13T15:53:15.452+02:00  INFO 30504 --- [Tenants_Managment] [           main] .b.t.c.SpringBootTestContextBootstrapper : Found @SpringBootConfiguration com.smart_padel.spvending_management_api.SPVendingManagementApplication for test class com.smart_padel.spvending_management_api.club.infrastructure.rest.controller.GetClubControllerTest
2025-05-13T15:53:15.456+02:00  INFO 30504 --- [Tenants_Managment] [           main] o.s.b.d.r.RestartApplicationListener     : Restart disabled due to context in which it is running

  .   ____          _            __ _ _
 /\\ / ___'_ __ _ _(_)_ __  __ _ \ \ \ \
( ( )\___ | '_ | '_| | '_ \/ _` | \ \ \ \
 \\/  ___)| |_)| | | | | || (_| |  ) ) ) )
  '  |____| .__|_| |_|_| |_\__, | / / / /
 =========|_|==============|___/=/_/_/_/

 :: Spring Boot ::                (v3.4.4)

2025-05-13T15:53:15.480+02:00  INFO 30504 --- [Tenants_Managment] [           main] c.s.s.c.i.r.c.GetClubControllerTest      : Starting GetClubControllerTest using Java 22.0.1 with PID 30504 (started by Usuario in D:\TRABAJO\Practicar\spvending-manager)
2025-05-13T15:53:15.480+02:00  INFO 30504 --- [Tenants_Managment] [           main] c.s.s.c.i.r.c.GetClubControllerTest      : No active profile set, falling back to 1 default profile: "default"
2025-05-13T15:53:15.483+02:00 DEBUG 30504 --- [Tenants_Managment] [           main] o.s.w.c.s.GenericWebApplicationContext   : Refreshing org.springframework.web.context.support.GenericWebApplicationContext@21e00efb
2025-05-13T15:53:15.795+02:00  WARN 30504 --- [Tenants_Managment] [           main] .s.s.UserDetailsServiceAutoConfiguration : 

Using generated security password: 2d8ad324-7b74-4e2a-80b2-5c9888f7b581

This generated password is for development use only. Your security configuration must be updated before running your application in production.

2025-05-13T15:53:15.830+02:00 DEBUG 30504 --- [Tenants_Managment] [           main] s.w.s.m.m.a.RequestMappingHandlerMapping : 6 mappings in 'requestMappingHandlerMapping'
2025-05-13T15:53:15.904+02:00 DEBUG 30504 --- [Tenants_Managment] [           main] o.s.w.s.handler.SimpleUrlHandlerMapping  : Patterns [/webjars/**, /**] in 'resourceHandlerMapping'
2025-05-13T15:53:15.908+02:00 DEBUG 30504 --- [Tenants_Managment] [           main] s.w.s.m.m.a.RequestMappingHandlerAdapter : ControllerAdvice beans: 0 @ModelAttribute, 0 @InitBinder, 1 RequestBodyAdvice, 1 ResponseBodyAdvice
2025-05-13T15:53:15.913+02:00 DEBUG 30504 --- [Tenants_Managment] [           main] .m.m.a.ExceptionHandlerExceptionResolver : ControllerAdvice beans: 1 @ExceptionHandler, 1 ResponseBodyAdvice
2025-05-13T15:53:15.920+02:00  INFO 30504 --- [Tenants_Managment] [           main] r$InitializeUserDetailsManagerConfigurer : Global AuthenticationManager configured with UserDetailsService bean with name inMemoryUserDetailsManager
2025-05-13T15:53:15.930+02:00 DEBUG 30504 --- [Tenants_Managment] [           main] o.s.s.web.DefaultSecurityFilterChain     : Will secure any request with filters: DisableEncodeUrlFilter, WebAsyncManagerIntegrationFilter, SecurityContextHolderFilter, HeaderWriterFilter, CsrfFilter, LogoutFilter, UsernamePasswordAuthenticationFilter, DefaultResourcesFilter, DefaultLoginPageGeneratingFilter, DefaultLogoutPageGeneratingFilter, BasicAuthenticationFilter, RequestCacheAwareFilter, SecurityContextHolderAwareRequestFilter, AnonymousAuthenticationFilter, ExceptionTranslationFilter, AuthorizationFilter
2025-05-13T15:53:15.934+02:00  INFO 30504 --- [Tenants_Managment] [           main] o.s.b.t.m.w.SpringBootMockServletContext : Initializing Spring TestDispatcherServlet ''
2025-05-13T15:53:15.934+02:00  INFO 30504 --- [Tenants_Managment] [           main] o.s.t.web.servlet.TestDispatcherServlet  : Initializing Servlet ''
2025-05-13T15:53:15.935+02:00  INFO 30504 --- [Tenants_Managment] [           main] o.s.t.web.servlet.TestDispatcherServlet  : Completed initialization in 1 ms
2025-05-13T15:53:15.942+02:00  INFO 30504 --- [Tenants_Managment] [           main] c.s.s.c.i.r.c.GetClubControllerTest      : Started GetClubControllerTest in 0.487 seconds (process running for 8.705)
2025-05-13T15:53:15.947+02:00 DEBUG 30504 --- [Tenants_Managment] [           main] s.w.s.m.m.a.RequestMappingHandlerMapping : Mapped to com.smart_padel.spvending_management_api.club.infrastructure.rest.controller.GetClubController#getAllMachinesByClub(UUID)
2025-05-13T15:53:15.983+02:00 DEBUG 30504 --- [Tenants_Managment] [           main] o.s.w.s.m.m.a.HttpEntityMethodProcessor  : Using 'application/json', given [*/*] and supported [application/json, application/*+json, application/yaml]
2025-05-13T15:53:15.984+02:00 DEBUG 30504 --- [Tenants_Managment] [           main] o.s.w.s.m.m.a.HttpEntityMethodProcessor  : Writing [[]]
]]></system-out>
  </testcase>
  <testcase name="shouldReturnPaginatedClubsWhenSearchIsProvided" classname="com.smart_padel.spvending_management_api.club.infrastructure.rest.controller.GetClubControllerTest" time="0.08">
    <system-out><![CDATA[2025-05-13T15:53:16.097+02:00 DEBUG 30504 --- [Tenants_Managment] [           main] s.w.s.m.m.a.RequestMappingHandlerMapping : Mapped to com.smart_padel.spvending_management_api.club.infrastructure.rest.controller.GetClubController#getAllClubs(String, int, int)
2025-05-13T15:53:16.163+02:00 DEBUG 30504 --- [Tenants_Managment] [           main] o.s.w.s.m.m.a.HttpEntityMethodProcessor  : Using 'application/json', given [*/*] and supported [application/json, application/*+json, application/yaml]
2025-05-13T15:53:16.163+02:00 DEBUG 30504 --- [Tenants_Managment] [           main] o.s.w.s.m.m.a.HttpEntityMethodProcessor  : Writing [Page 1 of 1 containing UNKNOWN instances]
]]></system-out>
  </testcase>
  <testcase name="shouldReturnBadRequestForInvalidPageOrSizeParameters" classname="com.smart_padel.spvending_management_api.club.infrastructure.rest.controller.GetClubControllerTest" time="0.016">
    <system-out><![CDATA[2025-05-13T15:53:16.177+02:00 DEBUG 30504 --- [Tenants_Managment] [           main] s.w.s.m.m.a.RequestMappingHandlerMapping : Mapped to com.smart_padel.spvending_management_api.club.infrastructure.rest.controller.GetClubController#getAllClubs(String, int, int)
2025-05-13T15:53:16.179+02:00 DEBUG 30504 --- [Tenants_Managment] [           main] .m.m.a.ExceptionHandlerExceptionResolver : Using @ExceptionHandler com.smart_padel.spvending_management_api.shared.GlobalExceptionHandler#handleIllegalArgumentException(IllegalArgumentException)
2025-05-13T15:53:16.184+02:00 DEBUG 30504 --- [Tenants_Managment] [           main] o.s.w.s.m.m.a.HttpEntityMethodProcessor  : Using 'application/json', given [*/*] and supported [application/json, application/*+json, application/yaml]
2025-05-13T15:53:16.185+02:00 DEBUG 30504 --- [Tenants_Managment] [           main] o.s.w.s.m.m.a.HttpEntityMethodProcessor  : Writing [{Error=Invalid Parameter: Page index must not be less than zero}]
2025-05-13T15:53:16.189+02:00 DEBUG 30504 --- [Tenants_Managment] [           main] .m.m.a.ExceptionHandlerExceptionResolver : Resolved [java.lang.IllegalArgumentException: Page index must not be less than zero]
]]></system-out>
  </testcase>
  <testcase name="shouldGetClubByIdSuccessfully" classname="com.smart_padel.spvending_management_api.club.infrastructure.rest.controller.GetClubControllerTest" time="0.026">
    <system-out><![CDATA[2025-05-13T15:53:16.194+02:00 DEBUG 30504 --- [Tenants_Managment] [           main] s.w.s.m.m.a.RequestMappingHandlerMapping : Mapped to com.smart_padel.spvending_management_api.club.infrastructure.rest.controller.GetClubController#getClubById(UUID)
2025-05-13T15:53:16.207+02:00 DEBUG 30504 --- [Tenants_Managment] [           main] o.s.w.s.m.m.a.HttpEntityMethodProcessor  : Using 'application/json', given [*/*] and supported [application/json, application/*+json, application/yaml]
2025-05-13T15:53:16.215+02:00 DEBUG 30504 --- [Tenants_Managment] [           main] o.s.w.s.m.m.a.HttpEntityMethodProcessor  : Writing [ClubDtoOutDetail(clubId=49f86221-3769-4e11-ac91-a8fca8bb6c06, name=null, cif=null, address=null, pho (truncated)...]
]]></system-out>
  </testcase>
  <testcase name="shouldReturnNotFoundForNotExistentClubId" classname="com.smart_padel.spvending_management_api.club.infrastructure.rest.controller.GetClubControllerTest" time="0.008">
    <system-out><![CDATA[2025-05-13T15:53:16.222+02:00 DEBUG 30504 --- [Tenants_Managment] [           main] s.w.s.m.m.a.RequestMappingHandlerMapping : Mapped to com.smart_padel.spvending_management_api.club.infrastructure.rest.controller.GetClubController#getClubById(UUID)
2025-05-13T15:53:16.223+02:00 DEBUG 30504 --- [Tenants_Managment] [           main] .m.m.a.ExceptionHandlerExceptionResolver : Using @ExceptionHandler com.smart_padel.spvending_management_api.shared.GlobalExceptionHandler#resourceNotFoundException(ResourceNotFoundException)
2025-05-13T15:53:16.224+02:00 DEBUG 30504 --- [Tenants_Managment] [           main] o.s.w.s.m.m.a.HttpEntityMethodProcessor  : Using 'application/json', given [*/*] and supported [application/json, application/*+json, application/yaml]
2025-05-13T15:53:16.224+02:00 DEBUG 30504 --- [Tenants_Managment] [           main] o.s.w.s.m.m.a.HttpEntityMethodProcessor  : Writing [{Error=There is no club with that Id}]
2025-05-13T15:53:16.225+02:00 DEBUG 30504 --- [Tenants_Managment] [           main] .m.m.a.ExceptionHandlerExceptionResolver : Resolved [com.smart_padel.spvending_management_api.shared.exceptions.ResourceNotFoundException: There is no club with that Id]
]]></system-out>
  </testcase>
  <testcase name="shouldReturnBadRequestForInvalidClubId" classname="com.smart_padel.spvending_management_api.club.infrastructure.rest.controller.GetClubControllerTest" time="0.015">
    <system-out><![CDATA[2025-05-13T15:53:16.231+02:00 DEBUG 30504 --- [Tenants_Managment] [           main] s.w.s.m.m.a.RequestMappingHandlerMapping : Mapped to com.smart_padel.spvending_management_api.club.infrastructure.rest.controller.GetClubController#getClubById(UUID)
2025-05-13T15:53:16.231+02:00 DEBUG 30504 --- [Tenants_Managment] [           main] o.s.web.method.HandlerMethod             : Could not resolve parameter [0] in public org.springframework.http.ResponseEntity<com.smart_padel.spvending_management_api.club.infrastructure.dto.ClubDtoOutDetail> com.smart_padel.spvending_management_api.club.infrastructure.rest.controller.GetClubController.getClubById(java.util.UUID): Method parameter 'clubId': Failed to convert value of type 'java.lang.String' to required type 'java.util.UUID'; Invalid UUID string: invalid-uuid
2025-05-13T15:53:16.238+02:00 DEBUG 30504 --- [Tenants_Managment] [           main] .m.m.a.ExceptionHandlerExceptionResolver : Using @ExceptionHandler com.smart_padel.spvending_management_api.shared.GlobalExceptionHandler#handleTypeMismatch(MethodArgumentTypeMismatchException)
2025-05-13T15:53:16.239+02:00 DEBUG 30504 --- [Tenants_Managment] [           main] o.s.w.s.m.m.a.HttpEntityMethodProcessor  : Using 'text/plain', given [*/*] and supported [text/plain, */*, application/json, application/*+json, application/yaml]
2025-05-13T15:53:16.240+02:00 DEBUG 30504 --- [Tenants_Managment] [           main] o.s.w.s.m.m.a.HttpEntityMethodProcessor  : Writing ["Invalid parameter: clubId"]
2025-05-13T15:53:16.240+02:00 DEBUG 30504 --- [Tenants_Managment] [           main] .m.m.a.ExceptionHandlerExceptionResolver : Resolved [org.springframework.web.method.annotation.MethodArgumentTypeMismatchException: Method parameter 'clubId': Failed to convert value of type 'java.lang.String' to required type 'java.util.UUID'; Invalid UUID string: invalid-uuid]
]]></system-out>
  </testcase>
  <testcase name="shouldReturnPaginatedClubsWhenSearchIsNotProvided" classname="com.smart_padel.spvending_management_api.club.infrastructure.rest.controller.GetClubControllerTest" time="0.008">
    <system-out><![CDATA[2025-05-13T15:53:16.246+02:00 DEBUG 30504 --- [Tenants_Managment] [           main] s.w.s.m.m.a.RequestMappingHandlerMapping : Mapped to com.smart_padel.spvending_management_api.club.infrastructure.rest.controller.GetClubController#getAllClubs(String, int, int)
2025-05-13T15:53:16.247+02:00 DEBUG 30504 --- [Tenants_Managment] [           main] o.s.w.s.m.m.a.HttpEntityMethodProcessor  : Using 'application/json', given [*/*] and supported [application/json, application/*+json, application/yaml]
2025-05-13T15:53:16.247+02:00 DEBUG 30504 --- [Tenants_Managment] [           main] o.s.w.s.m.m.a.HttpEntityMethodProcessor  : Writing [Page 1 of 1 containing UNKNOWN instances]
]]></system-out>
  </testcase>
  <testcase name="shouldReturnClubsSummary" classname="com.smart_padel.spvending_management_api.club.infrastructure.rest.controller.GetClubControllerTest" time="0.009">
    <system-out><![CDATA[2025-05-13T15:53:16.255+02:00 DEBUG 30504 --- [Tenants_Managment] [           main] s.w.s.m.m.a.RequestMappingHandlerMapping : Mapped to com.smart_padel.spvending_management_api.club.infrastructure.rest.controller.GetClubController#getClubsSummary()
2025-05-13T15:53:16.258+02:00 DEBUG 30504 --- [Tenants_Managment] [           main] o.s.w.s.m.m.a.HttpEntityMethodProcessor  : Using 'application/json', given [*/*] and supported [application/json, application/*+json, application/yaml]
2025-05-13T15:53:16.258+02:00 DEBUG 30504 --- [Tenants_Managment] [           main] o.s.w.s.m.m.a.HttpEntityMethodProcessor  : Writing [[]]
]]></system-out>
  </testcase>
</testsuite>